  Reading Qt configuration (F:/soft/Qt/6.7.0/msvc2019_64/bin/qmake)
  uic QtWidgetsApplication2.ui
  rcc QtWidgetsApplication2.qrc
  moc QtWidgetsApplication2.h
   C:\Users\Administrator\source\repos\QtWidgetsApplication2\QtWidgetsApplication2\QtWidgetsApplication2.ui: Warning: Buddy assignment: '' is not a valid widget.
   RCC: Warning: No resources in 'C:\Users\Administrator\source\repos\QtWidgetsApplication2\QtWidgetsApplication2\QtWidgetsApplication2.qrc'.
  utils.cpp
  yolov8Predictor.cpp
  QtWidgetsApplication2.cpp
  main.cpp
C:\Users\Administrator\source\repos\QtWidgetsApplication2\QtWidgetsApplication2\QtWidgetsApplication2.cpp(1,1): warning C4828: 文件包含在偏移 0x244 处开始的字符，该字符在当前源字符集中无效(代码页 65001)。
C:\Users\Administrator\source\repos\QtWidgetsApplication2\QtWidgetsApplication2\QtWidgetsApplication2.cpp(1,1): warning C4828: 文件包含在偏移 0x247 处开始的字符，该字符在当前源字符集中无效(代码页 65001)。
C:\Users\Administrator\source\repos\QtWidgetsApplication2\QtWidgetsApplication2\QtWidgetsApplication2.cpp(1,1): warning C4828: 文件包含在偏移 0x278 处开始的字符，该字符在当前源字符集中无效(代码页 65001)。
C:\Users\Administrator\source\repos\QtWidgetsApplication2\QtWidgetsApplication2\QtWidgetsApplication2.cpp(1,1): warning C4828: 文件包含在偏移 0x279 处开始的字符，该字符在当前源字符集中无效(代码页 65001)。
C:\Users\Administrator\source\repos\QtWidgetsApplication2\QtWidgetsApplication2\QtWidgetsApplication2.cpp(1,1): warning C4828: 文件包含在偏移 0x27d 处开始的字符，该字符在当前源字符集中无效(代码页 65001)。
C:\Users\Administrator\source\repos\QtWidgetsApplication2\QtWidgetsApplication2\QtWidgetsApplication2.cpp(1,1): warning C4828: 文件包含在偏移 0x27e 处开始的字符，该字符在当前源字符集中无效(代码页 65001)。
C:\Users\Administrator\source\repos\QtWidgetsApplication2\QtWidgetsApplication2\QtWidgetsApplication2.cpp(1,1): warning C4828: 文件包含在偏移 0x27f 处开始的字符，该字符在当前源字符集中无效(代码页 65001)。
C:\Users\Administrator\source\repos\QtWidgetsApplication2\QtWidgetsApplication2\QtWidgetsApplication2.cpp(1,1): warning C4828: 文件包含在偏移 0x280 处开始的字符，该字符在当前源字符集中无效(代码页 65001)。
C:\Users\Administrator\source\repos\QtWidgetsApplication2\QtWidgetsApplication2\QtWidgetsApplication2.cpp(1,1): warning C4828: 文件包含在偏移 0x281 处开始的字符，该字符在当前源字符集中无效(代码页 65001)。
C:\Users\Administrator\source\repos\QtWidgetsApplication2\QtWidgetsApplication2\QtWidgetsApplication2.cpp(1,1): warning C4828: 文件包含在偏移 0x282 处开始的字符，该字符在当前源字符集中无效(代码页 65001)。
C:\Users\Administrator\source\repos\QtWidgetsApplication2\QtWidgetsApplication2\QtWidgetsApplication2.cpp(1,1): warning C4828: 文件包含在偏移 0x283 处开始的字符，该字符在当前源字符集中无效(代码页 65001)。
C:\Users\Administrator\source\repos\QtWidgetsApplication2\QtWidgetsApplication2\QtWidgetsApplication2.cpp(1,1): warning C4828: 文件包含在偏移 0x286 处开始的字符，该字符在当前源字符集中无效(代码页 65001)。
C:\Users\Administrator\source\repos\QtWidgetsApplication2\QtWidgetsApplication2\QtWidgetsApplication2.cpp(1,1): warning C4828: 文件包含在偏移 0x287 处开始的字符，该字符在当前源字符集中无效(代码页 65001)。
C:\Users\Administrator\source\repos\QtWidgetsApplication2\QtWidgetsApplication2\QtWidgetsApplication2.cpp(1,1): warning C4828: 文件包含在偏移 0x28a 处开始的字符，该字符在当前源字符集中无效(代码页 65001)。
C:\Users\Administrator\source\repos\QtWidgetsApplication2\QtWidgetsApplication2\QtWidgetsApplication2.cpp(1,1): warning C4828: 文件包含在偏移 0x28b 处开始的字符，该字符在当前源字符集中无效(代码页 65001)。
C:\Users\Administrator\source\repos\QtWidgetsApplication2\QtWidgetsApplication2\QtWidgetsApplication2.cpp(1,1): warning C4828: 文件包含在偏移 0x28c 处开始的字符，该字符在当前源字符集中无效(代码页 65001)。
C:\Users\Administrator\source\repos\QtWidgetsApplication2\QtWidgetsApplication2\QtWidgetsApplication2.cpp(1,1): warning C4828: 文件包含在偏移 0x290 处开始的字符，该字符在当前源字符集中无效(代码页 65001)。
C:\Users\Administrator\source\repos\QtWidgetsApplication2\QtWidgetsApplication2\QtWidgetsApplication2.cpp(1,1): warning C4828: 文件包含在偏移 0x292 处开始的字符，该字符在当前源字符集中无效(代码页 65001)。
C:\Users\Administrator\source\repos\QtWidgetsApplication2\QtWidgetsApplication2\QtWidgetsApplication2.cpp(1,1): warning C4828: 文件包含在偏移 0x294 处开始的字符，该字符在当前源字符集中无效(代码页 65001)。
C:\Users\Administrator\source\repos\QtWidgetsApplication2\QtWidgetsApplication2\QtWidgetsApplication2.cpp(1,1): warning C4828: 文件包含在偏移 0x295 处开始的字符，该字符在当前源字符集中无效(代码页 65001)。
C:\Users\Administrator\source\repos\QtWidgetsApplication2\QtWidgetsApplication2\QtWidgetsApplication2.cpp(1,1): warning C4828: 文件包含在偏移 0x299 处开始的字符，该字符在当前源字符集中无效(代码页 65001)。
C:\Users\Administrator\source\repos\QtWidgetsApplication2\QtWidgetsApplication2\QtWidgetsApplication2.cpp(1,1): warning C4828: 文件包含在偏移 0x29a 处开始的字符，该字符在当前源字符集中无效(代码页 65001)。
C:\Users\Administrator\source\repos\QtWidgetsApplication2\QtWidgetsApplication2\QtWidgetsApplication2.cpp(1,1): warning C4828: 文件包含在偏移 0x29b 处开始的字符，该字符在当前源字符集中无效(代码页 65001)。
C:\Users\Administrator\source\repos\QtWidgetsApplication2\QtWidgetsApplication2\QtWidgetsApplication2.cpp(1,1): warning C4828: 文件包含在偏移 0x29e 处开始的字符，该字符在当前源字符集中无效(代码页 65001)。
C:\Users\Administrator\source\repos\QtWidgetsApplication2\QtWidgetsApplication2\QtWidgetsApplication2.cpp(1,1): warning C4828: 文件包含在偏移 0x2a2 处开始的字符，该字符在当前源字符集中无效(代码页 65001)。
C:\Users\Administrator\source\repos\QtWidgetsApplication2\QtWidgetsApplication2\QtWidgetsApplication2.cpp(1,1): warning C4828: 文件包含在偏移 0x2a3 处开始的字符，该字符在当前源字符集中无效(代码页 65001)。
C:\Users\Administrator\source\repos\QtWidgetsApplication2\QtWidgetsApplication2\QtWidgetsApplication2.cpp(1,1): warning C4828: 文件包含在偏移 0x3ef 处开始的字符，该字符在当前源字符集中无效(代码页 65001)。
C:\Users\Administrator\source\repos\QtWidgetsApplication2\QtWidgetsApplication2\QtWidgetsApplication2.cpp(1,1): warning C4828: 文件包含在偏移 0x3f0 处开始的字符，该字符在当前源字符集中无效(代码页 65001)。
C:\Users\Administrator\source\repos\QtWidgetsApplication2\QtWidgetsApplication2\QtWidgetsApplication2.cpp(1,1): warning C4828: 文件包含在偏移 0x3f5 处开始的字符，该字符在当前源字符集中无效(代码页 65001)。
C:\Users\Administrator\source\repos\QtWidgetsApplication2\QtWidgetsApplication2\QtWidgetsApplication2.cpp(1,1): warning C4828: 文件包含在偏移 0x3f6 处开始的字符，该字符在当前源字符集中无效(代码页 65001)。
C:\Users\Administrator\source\repos\QtWidgetsApplication2\QtWidgetsApplication2\QtWidgetsApplication2.cpp(1,1): warning C4828: 文件包含在偏移 0x427 处开始的字符，该字符在当前源字符集中无效(代码页 65001)。
C:\Users\Administrator\source\repos\QtWidgetsApplication2\QtWidgetsApplication2\QtWidgetsApplication2.cpp(1,1): warning C4828: 文件包含在偏移 0x428 处开始的字符，该字符在当前源字符集中无效(代码页 65001)。
C:\Users\Administrator\source\repos\QtWidgetsApplication2\QtWidgetsApplication2\QtWidgetsApplication2.cpp(1,1): warning C4828: 文件包含在偏移 0x42d 处开始的字符，该字符在当前源字符集中无效(代码页 65001)。
C:\Users\Administrator\source\repos\QtWidgetsApplication2\QtWidgetsApplication2\QtWidgetsApplication2.cpp(1,1): warning C4828: 文件包含在偏移 0x42e 处开始的字符，该字符在当前源字符集中无效(代码页 65001)。
C:\Users\Administrator\source\repos\QtWidgetsApplication2\QtWidgetsApplication2\QtWidgetsApplication2.cpp(1,1): warning C4828: 文件包含在偏移 0xa53 处开始的字符，该字符在当前源字符集中无效(代码页 65001)。
C:\Users\Administrator\source\repos\QtWidgetsApplication2\QtWidgetsApplication2\QtWidgetsApplication2.cpp(1,1): warning C4828: 文件包含在偏移 0xa54 处开始的字符，该字符在当前源字符集中无效(代码页 65001)。
C:\Users\Administrator\source\repos\QtWidgetsApplication2\QtWidgetsApplication2\QtWidgetsApplication2.cpp(1,1): warning C4828: 文件包含在偏移 0xa55 处开始的字符，该字符在当前源字符集中无效(代码页 65001)。
C:\Users\Administrator\source\repos\QtWidgetsApplication2\QtWidgetsApplication2\QtWidgetsApplication2.cpp(1,1): warning C4828: 文件包含在偏移 0xa56 处开始的字符，该字符在当前源字符集中无效(代码页 65001)。
C:\Users\Administrator\source\repos\QtWidgetsApplication2\QtWidgetsApplication2\QtWidgetsApplication2.cpp(1,1): warning C4828: 文件包含在偏移 0xa62 处开始的字符，该字符在当前源字符集中无效(代码页 65001)。
C:\Users\Administrator\source\repos\QtWidgetsApplication2\QtWidgetsApplication2\QtWidgetsApplication2.cpp(1,1): warning C4828: 文件包含在偏移 0xa63 处开始的字符，该字符在当前源字符集中无效(代码页 65001)。
C:\Users\Administrator\source\repos\QtWidgetsApplication2\QtWidgetsApplication2\QtWidgetsApplication2.cpp(1,1): warning C4828: 文件包含在偏移 0xa6b 处开始的字符，该字符在当前源字符集中无效(代码页 65001)。
C:\Users\Administrator\source\repos\QtWidgetsApplication2\QtWidgetsApplication2\QtWidgetsApplication2.cpp(1,1): warning C4828: 文件包含在偏移 0xa6d 处开始的字符，该字符在当前源字符集中无效(代码页 65001)。
C:\Users\Administrator\source\repos\QtWidgetsApplication2\QtWidgetsApplication2\QtWidgetsApplication2.cpp(1,1): warning C4828: 文件包含在偏移 0xa70 处开始的字符，该字符在当前源字符集中无效(代码页 65001)。
C:\Users\Administrator\source\repos\QtWidgetsApplication2\QtWidgetsApplication2\QtWidgetsApplication2.cpp(1,1): warning C4828: 文件包含在偏移 0xa86 处开始的字符，该字符在当前源字符集中无效(代码页 65001)。
C:\Users\Administrator\source\repos\QtWidgetsApplication2\QtWidgetsApplication2\QtWidgetsApplication2.cpp(1,1): warning C4828: 文件包含在偏移 0xa87 处开始的字符，该字符在当前源字符集中无效(代码页 65001)。
C:\Users\Administrator\source\repos\QtWidgetsApplication2\QtWidgetsApplication2\QtWidgetsApplication2.cpp(1,1): warning C4828: 文件包含在偏移 0xa94 处开始的字符，该字符在当前源字符集中无效(代码页 65001)。
C:\Users\Administrator\source\repos\QtWidgetsApplication2\QtWidgetsApplication2\QtWidgetsApplication2.cpp(1,1): warning C4828: 文件包含在偏移 0xa95 处开始的字符，该字符在当前源字符集中无效(代码页 65001)。
C:\Users\Administrator\source\repos\QtWidgetsApplication2\QtWidgetsApplication2\QtWidgetsApplication2.cpp(1,1): warning C4828: 文件包含在偏移 0xbb7 处开始的字符，该字符在当前源字符集中无效(代码页 65001)。
C:\Users\Administrator\source\repos\QtWidgetsApplication2\QtWidgetsApplication2\QtWidgetsApplication2.cpp(1,1): warning C4828: 文件包含在偏移 0xbb8 处开始的字符，该字符在当前源字符集中无效(代码页 65001)。
C:\Users\Administrator\source\repos\QtWidgetsApplication2\QtWidgetsApplication2\QtWidgetsApplication2.cpp(1,1): warning C4828: 文件包含在偏移 0xbbc 处开始的字符，该字符在当前源字符集中无效(代码页 65001)。
C:\Users\Administrator\source\repos\QtWidgetsApplication2\QtWidgetsApplication2\QtWidgetsApplication2.cpp(1,1): warning C4828: 文件包含在偏移 0xd28 处开始的字符，该字符在当前源字符集中无效(代码页 65001)。
C:\Users\Administrator\source\repos\QtWidgetsApplication2\QtWidgetsApplication2\QtWidgetsApplication2.cpp(1,1): warning C4828: 文件包含在偏移 0xd29 处开始的字符，该字符在当前源字符集中无效(代码页 65001)。
C:\Users\Administrator\source\repos\QtWidgetsApplication2\QtWidgetsApplication2\QtWidgetsApplication2.cpp(1,1): warning C4828: 文件包含在偏移 0xd2b 处开始的字符，该字符在当前源字符集中无效(代码页 65001)。
C:\Users\Administrator\source\repos\QtWidgetsApplication2\QtWidgetsApplication2\QtWidgetsApplication2.cpp(1,1): warning C4828: 文件包含在偏移 0xd2c 处开始的字符，该字符在当前源字符集中无效(代码页 65001)。
C:\Users\Administrator\source\repos\QtWidgetsApplication2\QtWidgetsApplication2\QtWidgetsApplication2.cpp(1,1): warning C4828: 文件包含在偏移 0xd2d 处开始的字符，该字符在当前源字符集中无效(代码页 65001)。
C:\Users\Administrator\source\repos\QtWidgetsApplication2\QtWidgetsApplication2\QtWidgetsApplication2.cpp(1,1): warning C4828: 文件包含在偏移 0xd2e 处开始的字符，该字符在当前源字符集中无效(代码页 65001)。
C:\Users\Administrator\source\repos\QtWidgetsApplication2\QtWidgetsApplication2\QtWidgetsApplication2.cpp(1,1): warning C4828: 文件包含在偏移 0xd30 处开始的字符，该字符在当前源字符集中无效(代码页 65001)。
C:\Users\Administrator\source\repos\QtWidgetsApplication2\QtWidgetsApplication2\QtWidgetsApplication2.cpp(1,1): warning C4828: 文件包含在偏移 0xd32 处开始的字符，该字符在当前源字符集中无效(代码页 65001)。
C:\Users\Administrator\source\repos\QtWidgetsApplication2\QtWidgetsApplication2\QtWidgetsApplication2.cpp(1,1): warning C4828: 文件包含在偏移 0xd34 处开始的字符，该字符在当前源字符集中无效(代码页 65001)。
C:\Users\Administrator\source\repos\QtWidgetsApplication2\QtWidgetsApplication2\QtWidgetsApplication2.cpp(1,1): warning C4828: 文件包含在偏移 0xd35 处开始的字符，该字符在当前源字符集中无效(代码页 65001)。
C:\Users\Administrator\source\repos\QtWidgetsApplication2\QtWidgetsApplication2\QtWidgetsApplication2.cpp(1,1): warning C4828: 文件包含在偏移 0xd37 处开始的字符，该字符在当前源字符集中无效(代码页 65001)。
C:\Users\Administrator\source\repos\QtWidgetsApplication2\QtWidgetsApplication2\QtWidgetsApplication2.cpp(1,1): warning C4828: 文件包含在偏移 0xd96 处开始的字符，该字符在当前源字符集中无效(代码页 65001)。
C:\Users\Administrator\source\repos\QtWidgetsApplication2\QtWidgetsApplication2\QtWidgetsApplication2.cpp(1,1): warning C4828: 文件包含在偏移 0xd97 处开始的字符，该字符在当前源字符集中无效(代码页 65001)。
C:\Users\Administrator\source\repos\QtWidgetsApplication2\QtWidgetsApplication2\QtWidgetsApplication2.cpp(1,1): warning C4828: 文件包含在偏移 0xd99 处开始的字符，该字符在当前源字符集中无效(代码页 65001)。
C:\Users\Administrator\source\repos\QtWidgetsApplication2\QtWidgetsApplication2\QtWidgetsApplication2.cpp(1,1): warning C4828: 文件包含在偏移 0xd9a 处开始的字符，该字符在当前源字符集中无效(代码页 65001)。
C:\Users\Administrator\source\repos\QtWidgetsApplication2\QtWidgetsApplication2\QtWidgetsApplication2.cpp(1,1): warning C4828: 文件包含在偏移 0xd9b 处开始的字符，该字符在当前源字符集中无效(代码页 65001)。
C:\Users\Administrator\source\repos\QtWidgetsApplication2\QtWidgetsApplication2\QtWidgetsApplication2.cpp(1,1): warning C4828: 文件包含在偏移 0xd9c 处开始的字符，该字符在当前源字符集中无效(代码页 65001)。
C:\Users\Administrator\source\repos\QtWidgetsApplication2\QtWidgetsApplication2\QtWidgetsApplication2.cpp(1,1): warning C4828: 文件包含在偏移 0xd9e 处开始的字符，该字符在当前源字符集中无效(代码页 65001)。
C:\Users\Administrator\source\repos\QtWidgetsApplication2\QtWidgetsApplication2\QtWidgetsApplication2.cpp(1,1): warning C4828: 文件包含在偏移 0xda0 处开始的字符，该字符在当前源字符集中无效(代码页 65001)。
C:\Users\Administrator\source\repos\QtWidgetsApplication2\QtWidgetsApplication2\QtWidgetsApplication2.cpp(1,1): warning C4828: 文件包含在偏移 0xda2 处开始的字符，该字符在当前源字符集中无效(代码页 65001)。
C:\Users\Administrator\source\repos\QtWidgetsApplication2\QtWidgetsApplication2\QtWidgetsApplication2.cpp(1,1): warning C4828: 文件包含在偏移 0xda4 处开始的字符，该字符在当前源字符集中无效(代码页 65001)。
C:\Users\Administrator\source\repos\QtWidgetsApplication2\QtWidgetsApplication2\QtWidgetsApplication2.cpp(1,1): warning C4828: 文件包含在偏移 0xda6 处开始的字符，该字符在当前源字符集中无效(代码页 65001)。
C:\Users\Administrator\source\repos\QtWidgetsApplication2\QtWidgetsApplication2\QtWidgetsApplication2.cpp(1,1): warning C4828: 文件包含在偏移 0xda7 处开始的字符，该字符在当前源字符集中无效(代码页 65001)。
C:\Users\Administrator\source\repos\QtWidgetsApplication2\QtWidgetsApplication2\QtWidgetsApplication2.cpp(1,1): warning C4828: 文件包含在偏移 0xda8 处开始的字符，该字符在当前源字符集中无效(代码页 65001)。
C:\Users\Administrator\source\repos\QtWidgetsApplication2\QtWidgetsApplication2\QtWidgetsApplication2.cpp(1,1): warning C4828: 文件包含在偏移 0xda9 处开始的字符，该字符在当前源字符集中无效(代码页 65001)。
C:\Users\Administrator\source\repos\QtWidgetsApplication2\QtWidgetsApplication2\QtWidgetsApplication2.cpp(1,1): warning C4828: 文件包含在偏移 0xdaa 处开始的字符，该字符在当前源字符集中无效(代码页 65001)。
C:\Users\Administrator\source\repos\QtWidgetsApplication2\QtWidgetsApplication2\QtWidgetsApplication2.cpp(1,1): warning C4828: 文件包含在偏移 0xdab 处开始的字符，该字符在当前源字符集中无效(代码页 65001)。
C:\Users\Administrator\source\repos\QtWidgetsApplication2\QtWidgetsApplication2\QtWidgetsApplication2.cpp(1,1): warning C4828: 文件包含在偏移 0xe80 处开始的字符，该字符在当前源字符集中无效(代码页 65001)。
C:\Users\Administrator\source\repos\QtWidgetsApplication2\QtWidgetsApplication2\QtWidgetsApplication2.cpp(1,1): warning C4828: 文件包含在偏移 0xe82 处开始的字符，该字符在当前源字符集中无效(代码页 65001)。
C:\Users\Administrator\source\repos\QtWidgetsApplication2\QtWidgetsApplication2\QtWidgetsApplication2.cpp(1,1): warning C4828: 文件包含在偏移 0xe84 处开始的字符，该字符在当前源字符集中无效(代码页 65001)。
C:\Users\Administrator\source\repos\QtWidgetsApplication2\QtWidgetsApplication2\QtWidgetsApplication2.cpp(1,1): warning C4828: 文件包含在偏移 0xe86 处开始的字符，该字符在当前源字符集中无效(代码页 65001)。
C:\Users\Administrator\source\repos\QtWidgetsApplication2\QtWidgetsApplication2\QtWidgetsApplication2.cpp(1,1): warning C4828: 文件包含在偏移 0xe87 处开始的字符，该字符在当前源字符集中无效(代码页 65001)。
C:\Users\Administrator\source\repos\QtWidgetsApplication2\QtWidgetsApplication2\QtWidgetsApplication2.cpp(1,1): warning C4828: 文件包含在偏移 0xec1 处开始的字符，该字符在当前源字符集中无效(代码页 65001)。
C:\Users\Administrator\source\repos\QtWidgetsApplication2\QtWidgetsApplication2\QtWidgetsApplication2.cpp(1,1): warning C4828: 文件包含在偏移 0xec3 处开始的字符，该字符在当前源字符集中无效(代码页 65001)。
C:\Users\Administrator\source\repos\QtWidgetsApplication2\QtWidgetsApplication2\QtWidgetsApplication2.cpp(1,1): warning C4828: 文件包含在偏移 0xec5 处开始的字符，该字符在当前源字符集中无效(代码页 65001)。
C:\Users\Administrator\source\repos\QtWidgetsApplication2\QtWidgetsApplication2\QtWidgetsApplication2.cpp(1,1): warning C4828: 文件包含在偏移 0xec7 处开始的字符，该字符在当前源字符集中无效(代码页 65001)。
C:\Users\Administrator\source\repos\QtWidgetsApplication2\QtWidgetsApplication2\QtWidgetsApplication2.cpp(1,1): warning C4828: 文件包含在偏移 0xeca 处开始的字符，该字符在当前源字符集中无效(代码页 65001)。
C:\Users\Administrator\source\repos\QtWidgetsApplication2\QtWidgetsApplication2\QtWidgetsApplication2.cpp(1,1): warning C4828: 文件包含在偏移 0xf5c 处开始的字符，该字符在当前源字符集中无效(代码页 65001)。
C:\Users\Administrator\source\repos\QtWidgetsApplication2\QtWidgetsApplication2\QtWidgetsApplication2.cpp(1,1): warning C4828: 文件包含在偏移 0xf5d 处开始的字符，该字符在当前源字符集中无效(代码页 65001)。
C:\Users\Administrator\source\repos\QtWidgetsApplication2\QtWidgetsApplication2\QtWidgetsApplication2.cpp(1,1): warning C4828: 文件包含在偏移 0xf5e 处开始的字符，该字符在当前源字符集中无效(代码页 65001)。
C:\Users\Administrator\source\repos\QtWidgetsApplication2\QtWidgetsApplication2\QtWidgetsApplication2.cpp(1,1): warning C4828: 文件包含在偏移 0xf5f 处开始的字符，该字符在当前源字符集中无效(代码页 65001)。
C:\Users\Administrator\source\repos\QtWidgetsApplication2\QtWidgetsApplication2\QtWidgetsApplication2.cpp(1,1): warning C4828: 文件包含在偏移 0xf63 处开始的字符，该字符在当前源字符集中无效(代码页 65001)。
C:\Users\Administrator\source\repos\QtWidgetsApplication2\QtWidgetsApplication2\QtWidgetsApplication2.cpp(1,1): warning C4828: 文件包含在偏移 0xf66 处开始的字符，该字符在当前源字符集中无效(代码页 65001)。
C:\Users\Administrator\source\repos\QtWidgetsApplication2\QtWidgetsApplication2\QtWidgetsApplication2.cpp(1,1): warning C4828: 文件包含在偏移 0xf67 处开始的字符，该字符在当前源字符集中无效(代码页 65001)。
C:\Users\Administrator\source\repos\QtWidgetsApplication2\QtWidgetsApplication2\QtWidgetsApplication2.cpp(1,1): warning C4828: 文件包含在偏移 0xf68 处开始的字符，该字符在当前源字符集中无效(代码页 65001)。
C:\Users\Administrator\source\repos\QtWidgetsApplication2\QtWidgetsApplication2\QtWidgetsApplication2.cpp(1,1): warning C4828: 文件包含在偏移 0xf69 处开始的字符，该字符在当前源字符集中无效(代码页 65001)。
C:\Users\Administrator\source\repos\QtWidgetsApplication2\QtWidgetsApplication2\QtWidgetsApplication2.cpp(1,1): warning C4828: 文件包含在偏移 0xf6d 处开始的字符，该字符在当前源字符集中无效(代码页 65001)。
C:\Users\Administrator\source\repos\QtWidgetsApplication2\QtWidgetsApplication2\QtWidgetsApplication2.cpp(1,1): warning C4828: 文件包含在偏移 0xf70 处开始的字符，该字符在当前源字符集中无效(代码页 65001)。
C:\Users\Administrator\source\repos\QtWidgetsApplication2\QtWidgetsApplication2\QtWidgetsApplication2.cpp(1,1): warning C4828: 文件包含在偏移 0xf71 处开始的字符，该字符在当前源字符集中无效(代码页 65001)。
C:\Users\Administrator\source\repos\QtWidgetsApplication2\QtWidgetsApplication2\QtWidgetsApplication2.cpp(1,1): warning C4828: 文件包含在偏移 0xf73 处开始的字符，该字符在当前源字符集中无效(代码页 65001)。
C:\Users\Administrator\source\repos\QtWidgetsApplication2\QtWidgetsApplication2\QtWidgetsApplication2.cpp(1,1): warning C4828: 文件包含在偏移 0xfb5 处开始的字符，该字符在当前源字符集中无效(代码页 65001)。
C:\Users\Administrator\source\repos\QtWidgetsApplication2\QtWidgetsApplication2\QtWidgetsApplication2.cpp(1,1): warning C4828: 文件包含在偏移 0xfb7 处开始的字符，该字符在当前源字符集中无效(代码页 65001)。
C:\Users\Administrator\source\repos\QtWidgetsApplication2\QtWidgetsApplication2\QtWidgetsApplication2.cpp(1,1): warning C4828: 文件包含在偏移 0xfbd 处开始的字符，该字符在当前源字符集中无效(代码页 65001)。
C:\Users\Administrator\source\repos\QtWidgetsApplication2\QtWidgetsApplication2\QtWidgetsApplication2.cpp(1,1): warning C4828: 文件包含在偏移 0xfbe 处开始的字符，该字符在当前源字符集中无效(代码页 65001)。
C:\Users\Administrator\source\repos\QtWidgetsApplication2\QtWidgetsApplication2\QtWidgetsApplication2.cpp(1,1): warning C4828: 文件包含在偏移 0x104f 处开始的字符，该字符在当前源字符集中无效(代码页 65001)。
C:\Users\Administrator\source\repos\QtWidgetsApplication2\QtWidgetsApplication2\QtWidgetsApplication2.cpp(1,1): warning C4828: 文件包含在偏移 0x1050 处开始的字符，该字符在当前源字符集中无效(代码页 65001)。
C:\Users\Administrator\source\repos\QtWidgetsApplication2\QtWidgetsApplication2\QtWidgetsApplication2.cpp(1,1): warning C4828: 文件包含在偏移 0x1053 处开始的字符，该字符在当前源字符集中无效(代码页 65001)。
C:\Users\Administrator\source\repos\QtWidgetsApplication2\QtWidgetsApplication2\QtWidgetsApplication2.cpp(1,1): warning C4828: 文件包含在偏移 0x1054 处开始的字符，该字符在当前源字符集中无效(代码页 65001)。
C:\Users\Administrator\source\repos\QtWidgetsApplication2\QtWidgetsApplication2\QtWidgetsApplication2.cpp(1,1): warning C4828: 文件包含在偏移 0x1055 处开始的字符，该字符在当前源字符集中无效(代码页 65001)。
C:\Users\Administrator\source\repos\QtWidgetsApplication2\QtWidgetsApplication2\QtWidgetsApplication2.cpp(1,1): warning C4828: 文件包含在偏移 0x1056 处开始的字符，该字符在当前源字符集中无效(代码页 65001)。
C:\Users\Administrator\source\repos\QtWidgetsApplication2\QtWidgetsApplication2\QtWidgetsApplication2.cpp(1,1): warning C4828: 文件包含在偏移 0x1059 处开始的字符，该字符在当前源字符集中无效(代码页 65001)。
C:\Users\Administrator\source\repos\QtWidgetsApplication2\QtWidgetsApplication2\QtWidgetsApplication2.cpp(1,1): warning C4828: 文件包含在偏移 0x105a 处开始的字符，该字符在当前源字符集中无效(代码页 65001)。
C:\Users\Administrator\source\repos\QtWidgetsApplication2\QtWidgetsApplication2\QtWidgetsApplication2.cpp(1,1): warning C4828: 文件包含在偏移 0x105c 处开始的字符，该字符在当前源字符集中无效(代码页 65001)。
C:\Users\Administrator\source\repos\QtWidgetsApplication2\QtWidgetsApplication2\QtWidgetsApplication2.cpp(1,1): warning C4828: 文件包含在偏移 0x105d 处开始的字符，该字符在当前源字符集中无效(代码页 65001)。
C:\Users\Administrator\source\repos\QtWidgetsApplication2\QtWidgetsApplication2\QtWidgetsApplication2.cpp(1,1): warning C4828: 文件包含在偏移 0x105f 处开始的字符，该字符在当前源字符集中无效(代码页 65001)。
C:\Users\Administrator\source\repos\QtWidgetsApplication2\QtWidgetsApplication2\QtWidgetsApplication2.cpp(1,1): warning C4828: 文件包含在偏移 0x1061 处开始的字符，该字符在当前源字符集中无效(代码页 65001)。
C:\Users\Administrator\source\repos\QtWidgetsApplication2\QtWidgetsApplication2\QtWidgetsApplication2.cpp(1,1): warning C4828: 文件包含在偏移 0x1062 处开始的字符，该字符在当前源字符集中无效(代码页 65001)。
C:\Users\Administrator\source\repos\QtWidgetsApplication2\QtWidgetsApplication2\QtWidgetsApplication2.cpp(1,1): warning C4828: 文件包含在偏移 0x1064 处开始的字符，该字符在当前源字符集中无效(代码页 65001)。
C:\Users\Administrator\source\repos\QtWidgetsApplication2\QtWidgetsApplication2\QtWidgetsApplication2.cpp(1,1): warning C4828: 文件包含在偏移 0x1067 处开始的字符，该字符在当前源字符集中无效(代码页 65001)。
C:\Users\Administrator\source\repos\QtWidgetsApplication2\QtWidgetsApplication2\QtWidgetsApplication2.cpp(1,1): warning C4828: 文件包含在偏移 0x1068 处开始的字符，该字符在当前源字符集中无效(代码页 65001)。
C:\Users\Administrator\source\repos\QtWidgetsApplication2\QtWidgetsApplication2\QtWidgetsApplication2.cpp(1,1): warning C4828: 文件包含在偏移 0x1157 处开始的字符，该字符在当前源字符集中无效(代码页 65001)。
C:\Users\Administrator\source\repos\QtWidgetsApplication2\QtWidgetsApplication2\QtWidgetsApplication2.cpp(1,1): warning C4828: 文件包含在偏移 0x115b 处开始的字符，该字符在当前源字符集中无效(代码页 65001)。
C:\Users\Administrator\source\repos\QtWidgetsApplication2\QtWidgetsApplication2\QtWidgetsApplication2.cpp(1,1): warning C4828: 文件包含在偏移 0x115e 处开始的字符，该字符在当前源字符集中无效(代码页 65001)。
C:\Users\Administrator\source\repos\QtWidgetsApplication2\QtWidgetsApplication2\QtWidgetsApplication2.cpp(1,1): warning C4828: 文件包含在偏移 0x1161 处开始的字符，该字符在当前源字符集中无效(代码页 65001)。
C:\Users\Administrator\source\repos\QtWidgetsApplication2\QtWidgetsApplication2\QtWidgetsApplication2.cpp(1,1): warning C4828: 文件包含在偏移 0x1162 处开始的字符，该字符在当前源字符集中无效(代码页 65001)。
C:\Users\Administrator\source\repos\QtWidgetsApplication2\QtWidgetsApplication2\QtWidgetsApplication2.cpp(1,1): warning C4828: 文件包含在偏移 0x1166 处开始的字符，该字符在当前源字符集中无效(代码页 65001)。
C:\Users\Administrator\source\repos\QtWidgetsApplication2\QtWidgetsApplication2\QtWidgetsApplication2.cpp(1,1): warning C4828: 文件包含在偏移 0x116a 处开始的字符，该字符在当前源字符集中无效(代码页 65001)。
C:\Users\Administrator\source\repos\QtWidgetsApplication2\QtWidgetsApplication2\QtWidgetsApplication2.cpp(1,1): warning C4828: 文件包含在偏移 0x116b 处开始的字符，该字符在当前源字符集中无效(代码页 65001)。
C:\Users\Administrator\source\repos\QtWidgetsApplication2\QtWidgetsApplication2\QtWidgetsApplication2.cpp(1,1): warning C4828: 文件包含在偏移 0x116c 处开始的字符，该字符在当前源字符集中无效(代码页 65001)。
C:\Users\Administrator\source\repos\QtWidgetsApplication2\QtWidgetsApplication2\QtWidgetsApplication2.cpp(1,1): warning C4828: 文件包含在偏移 0x1178 处开始的字符，该字符在当前源字符集中无效(代码页 65001)。
C:\Users\Administrator\source\repos\QtWidgetsApplication2\QtWidgetsApplication2\QtWidgetsApplication2.cpp(1,1): warning C4828: 文件包含在偏移 0x1179 处开始的字符，该字符在当前源字符集中无效(代码页 65001)。
C:\Users\Administrator\source\repos\QtWidgetsApplication2\QtWidgetsApplication2\QtWidgetsApplication2.cpp(1,1): warning C4828: 文件包含在偏移 0x117a 处开始的字符，该字符在当前源字符集中无效(代码页 65001)。
C:\Users\Administrator\source\repos\QtWidgetsApplication2\QtWidgetsApplication2\QtWidgetsApplication2.cpp(1,1): warning C4828: 文件包含在偏移 0x117c 处开始的字符，该字符在当前源字符集中无效(代码页 65001)。
C:\Users\Administrator\source\repos\QtWidgetsApplication2\QtWidgetsApplication2\QtWidgetsApplication2.cpp(1,1): warning C4828: 文件包含在偏移 0x117d 处开始的字符，该字符在当前源字符集中无效(代码页 65001)。
C:\Users\Administrator\source\repos\QtWidgetsApplication2\QtWidgetsApplication2\QtWidgetsApplication2.cpp(1,1): warning C4828: 文件包含在偏移 0x117f 处开始的字符，该字符在当前源字符集中无效(代码页 65001)。
C:\Users\Administrator\source\repos\QtWidgetsApplication2\QtWidgetsApplication2\QtWidgetsApplication2.cpp(1,1): warning C4828: 文件包含在偏移 0x1182 处开始的字符，该字符在当前源字符集中无效(代码页 65001)。
C:\Users\Administrator\source\repos\QtWidgetsApplication2\QtWidgetsApplication2\QtWidgetsApplication2.cpp(1,1): warning C4828: 文件包含在偏移 0x1184 处开始的字符，该字符在当前源字符集中无效(代码页 65001)。
C:\Users\Administrator\source\repos\QtWidgetsApplication2\QtWidgetsApplication2\QtWidgetsApplication2.cpp(1,1): warning C4828: 文件包含在偏移 0x1185 处开始的字符，该字符在当前源字符集中无效(代码页 65001)。
C:\Users\Administrator\source\repos\QtWidgetsApplication2\QtWidgetsApplication2\QtWidgetsApplication2.cpp(1,1): warning C4828: 文件包含在偏移 0x1187 处开始的字符，该字符在当前源字符集中无效(代码页 65001)。
C:\Users\Administrator\source\repos\QtWidgetsApplication2\QtWidgetsApplication2\QtWidgetsApplication2.cpp(1,1): warning C4828: 文件包含在偏移 0x1439 处开始的字符，该字符在当前源字符集中无效(代码页 65001)。
C:\Users\Administrator\source\repos\QtWidgetsApplication2\QtWidgetsApplication2\QtWidgetsApplication2.cpp(1,1): warning C4828: 文件包含在偏移 0x143b 处开始的字符，该字符在当前源字符集中无效(代码页 65001)。
C:\Users\Administrator\source\repos\QtWidgetsApplication2\QtWidgetsApplication2\QtWidgetsApplication2.cpp(1,1): warning C4828: 文件包含在偏移 0x143d 处开始的字符，该字符在当前源字符集中无效(代码页 65001)。
C:\Users\Administrator\source\repos\QtWidgetsApplication2\QtWidgetsApplication2\QtWidgetsApplication2.cpp(1,1): warning C4828: 文件包含在偏移 0x1440 处开始的字符，该字符在当前源字符集中无效(代码页 65001)。
C:\Users\Administrator\source\repos\QtWidgetsApplication2\QtWidgetsApplication2\QtWidgetsApplication2.cpp(1,1): warning C4828: 文件包含在偏移 0x1443 处开始的字符，该字符在当前源字符集中无效(代码页 65001)。
C:\Users\Administrator\source\repos\QtWidgetsApplication2\QtWidgetsApplication2\QtWidgetsApplication2.cpp(1,1): warning C4828: 文件包含在偏移 0x1444 处开始的字符，该字符在当前源字符集中无效(代码页 65001)。
C:\Users\Administrator\source\repos\QtWidgetsApplication2\QtWidgetsApplication2\QtWidgetsApplication2.cpp(1,1): warning C4828: 文件包含在偏移 0x144b 处开始的字符，该字符在当前源字符集中无效(代码页 65001)。
C:\Users\Administrator\source\repos\QtWidgetsApplication2\QtWidgetsApplication2\QtWidgetsApplication2.cpp(1,1): warning C4828: 文件包含在偏移 0x144c 处开始的字符，该字符在当前源字符集中无效(代码页 65001)。
C:\Users\Administrator\source\repos\QtWidgetsApplication2\QtWidgetsApplication2\QtWidgetsApplication2.cpp(1,1): warning C4828: 文件包含在偏移 0x144e 处开始的字符，该字符在当前源字符集中无效(代码页 65001)。
C:\Users\Administrator\source\repos\QtWidgetsApplication2\QtWidgetsApplication2\QtWidgetsApplication2.cpp(1,1): warning C4828: 文件包含在偏移 0x1451 处开始的字符，该字符在当前源字符集中无效(代码页 65001)。
C:\Users\Administrator\source\repos\QtWidgetsApplication2\QtWidgetsApplication2\QtWidgetsApplication2.cpp(1,1): warning C4828: 文件包含在偏移 0x1455 处开始的字符，该字符在当前源字符集中无效(代码页 65001)。
C:\Users\Administrator\source\repos\QtWidgetsApplication2\QtWidgetsApplication2\QtWidgetsApplication2.cpp(1,1): warning C4828: 文件包含在偏移 0x1456 处开始的字符，该字符在当前源字符集中无效(代码页 65001)。
C:\Users\Administrator\source\repos\QtWidgetsApplication2\QtWidgetsApplication2\QtWidgetsApplication2.cpp(1,1): warning C4828: 文件包含在偏移 0x145a 处开始的字符，该字符在当前源字符集中无效(代码页 65001)。
C:\Users\Administrator\source\repos\QtWidgetsApplication2\QtWidgetsApplication2\QtWidgetsApplication2.cpp(1,1): warning C4828: 文件包含在偏移 0x145d 处开始的字符，该字符在当前源字符集中无效(代码页 65001)。
C:\Users\Administrator\source\repos\QtWidgetsApplication2\QtWidgetsApplication2\QtWidgetsApplication2.cpp(1,1): warning C4828: 文件包含在偏移 0x145e 处开始的字符，该字符在当前源字符集中无效(代码页 65001)。
C:\Users\Administrator\source\repos\QtWidgetsApplication2\QtWidgetsApplication2\QtWidgetsApplication2.cpp(1,1): warning C4828: 文件包含在偏移 0x1495 处开始的字符，该字符在当前源字符集中无效(代码页 65001)。
C:\Users\Administrator\source\repos\QtWidgetsApplication2\QtWidgetsApplication2\QtWidgetsApplication2.cpp(1,1): warning C4828: 文件包含在偏移 0x1497 处开始的字符，该字符在当前源字符集中无效(代码页 65001)。
C:\Users\Administrator\source\repos\QtWidgetsApplication2\QtWidgetsApplication2\QtWidgetsApplication2.cpp(1,1): warning C4828: 文件包含在偏移 0x1498 处开始的字符，该字符在当前源字符集中无效(代码页 65001)。
C:\Users\Administrator\source\repos\QtWidgetsApplication2\QtWidgetsApplication2\QtWidgetsApplication2.cpp(1,1): warning C4828: 文件包含在偏移 0x149c 处开始的字符，该字符在当前源字符集中无效(代码页 65001)。
C:\Users\Administrator\source\repos\QtWidgetsApplication2\QtWidgetsApplication2\QtWidgetsApplication2.cpp(1,1): warning C4828: 文件包含在偏移 0x149f 处开始的字符，该字符在当前源字符集中无效(代码页 65001)。
C:\Users\Administrator\source\repos\QtWidgetsApplication2\QtWidgetsApplication2\QtWidgetsApplication2.cpp(1,1): warning C4828: 文件包含在偏移 0x14a0 处开始的字符，该字符在当前源字符集中无效(代码页 65001)。
C:\Users\Administrator\source\repos\QtWidgetsApplication2\QtWidgetsApplication2\QtWidgetsApplication2.cpp(1,1): warning C4828: 文件包含在偏移 0x14a7 处开始的字符，该字符在当前源字符集中无效(代码页 65001)。
C:\Users\Administrator\source\repos\QtWidgetsApplication2\QtWidgetsApplication2\QtWidgetsApplication2.cpp(1,1): warning C4828: 文件包含在偏移 0x14a8 处开始的字符，该字符在当前源字符集中无效(代码页 65001)。
C:\Users\Administrator\source\repos\QtWidgetsApplication2\QtWidgetsApplication2\QtWidgetsApplication2.cpp(1,1): warning C4828: 文件包含在偏移 0x14aa 处开始的字符，该字符在当前源字符集中无效(代码页 65001)。
C:\Users\Administrator\source\repos\QtWidgetsApplication2\QtWidgetsApplication2\QtWidgetsApplication2.cpp(1,1): warning C4828: 文件包含在偏移 0x14ad 处开始的字符，该字符在当前源字符集中无效(代码页 65001)。
C:\Users\Administrator\source\repos\QtWidgetsApplication2\QtWidgetsApplication2\QtWidgetsApplication2.cpp(1,1): warning C4828: 文件包含在偏移 0x14b1 处开始的字符，该字符在当前源字符集中无效(代码页 65001)。
C:\Users\Administrator\source\repos\QtWidgetsApplication2\QtWidgetsApplication2\QtWidgetsApplication2.cpp(1,1): warning C4828: 文件包含在偏移 0x14b2 处开始的字符，该字符在当前源字符集中无效(代码页 65001)。
C:\Users\Administrator\source\repos\QtWidgetsApplication2\QtWidgetsApplication2\QtWidgetsApplication2.cpp(1,1): warning C4828: 文件包含在偏移 0x14b6 处开始的字符，该字符在当前源字符集中无效(代码页 65001)。
C:\Users\Administrator\source\repos\QtWidgetsApplication2\QtWidgetsApplication2\QtWidgetsApplication2.cpp(1,1): warning C4828: 文件包含在偏移 0x14ba 处开始的字符，该字符在当前源字符集中无效(代码页 65001)。
C:\Users\Administrator\source\repos\QtWidgetsApplication2\QtWidgetsApplication2\QtWidgetsApplication2.cpp(1,1): warning C4828: 文件包含在偏移 0x1569 处开始的字符，该字符在当前源字符集中无效(代码页 65001)。
C:\Users\Administrator\source\repos\QtWidgetsApplication2\QtWidgetsApplication2\QtWidgetsApplication2.cpp(1,1): warning C4828: 文件包含在偏移 0x156a 处开始的字符，该字符在当前源字符集中无效(代码页 65001)。
C:\Users\Administrator\source\repos\QtWidgetsApplication2\QtWidgetsApplication2\QtWidgetsApplication2.cpp(1,1): warning C4828: 文件包含在偏移 0x156e 处开始的字符，该字符在当前源字符集中无效(代码页 65001)。
C:\Users\Administrator\source\repos\QtWidgetsApplication2\QtWidgetsApplication2\QtWidgetsApplication2.cpp(1,1): warning C4828: 文件包含在偏移 0x1571 处开始的字符，该字符在当前源字符集中无效(代码页 65001)。
C:\Users\Administrator\source\repos\QtWidgetsApplication2\QtWidgetsApplication2\QtWidgetsApplication2.cpp(1,1): warning C4828: 文件包含在偏移 0x1575 处开始的字符，该字符在当前源字符集中无效(代码页 65001)。
C:\Users\Administrator\source\repos\QtWidgetsApplication2\QtWidgetsApplication2\QtWidgetsApplication2.cpp(1,1): warning C4828: 文件包含在偏移 0x161f 处开始的字符，该字符在当前源字符集中无效(代码页 65001)。
C:\Users\Administrator\source\repos\QtWidgetsApplication2\QtWidgetsApplication2\QtWidgetsApplication2.cpp(1,1): warning C4828: 文件包含在偏移 0x1620 处开始的字符，该字符在当前源字符集中无效(代码页 65001)。
C:\Users\Administrator\source\repos\QtWidgetsApplication2\QtWidgetsApplication2\QtWidgetsApplication2.cpp(1,1): warning C4828: 文件包含在偏移 0x1624 处开始的字符，该字符在当前源字符集中无效(代码页 65001)。
C:\Users\Administrator\source\repos\QtWidgetsApplication2\QtWidgetsApplication2\QtWidgetsApplication2.cpp(1,1): warning C4828: 文件包含在偏移 0x1629 处开始的字符，该字符在当前源字符集中无效(代码页 65001)。
C:\Users\Administrator\source\repos\QtWidgetsApplication2\QtWidgetsApplication2\QtWidgetsApplication2.cpp(1,1): warning C4828: 文件包含在偏移 0x162a 处开始的字符，该字符在当前源字符集中无效(代码页 65001)。
C:\Users\Administrator\source\repos\QtWidgetsApplication2\QtWidgetsApplication2\QtWidgetsApplication2.cpp(1,1): warning C4828: 文件包含在偏移 0x172d 处开始的字符，该字符在当前源字符集中无效(代码页 65001)。
C:\Users\Administrator\source\repos\QtWidgetsApplication2\QtWidgetsApplication2\QtWidgetsApplication2.cpp(1,1): warning C4828: 文件包含在偏移 0x172e 处开始的字符，该字符在当前源字符集中无效(代码页 65001)。
C:\Users\Administrator\source\repos\QtWidgetsApplication2\QtWidgetsApplication2\QtWidgetsApplication2.cpp(1,1): warning C4828: 文件包含在偏移 0x1730 处开始的字符，该字符在当前源字符集中无效(代码页 65001)。
C:\Users\Administrator\source\repos\QtWidgetsApplication2\QtWidgetsApplication2\QtWidgetsApplication2.cpp(1,1): warning C4828: 文件包含在偏移 0x1733 处开始的字符，该字符在当前源字符集中无效(代码页 65001)。
C:\Users\Administrator\source\repos\QtWidgetsApplication2\QtWidgetsApplication2\QtWidgetsApplication2.cpp(1,1): warning C4828: 文件包含在偏移 0x1734 处开始的字符，该字符在当前源字符集中无效(代码页 65001)。
C:\Users\Administrator\source\repos\QtWidgetsApplication2\QtWidgetsApplication2\QtWidgetsApplication2.cpp(1,1): warning C4828: 文件包含在偏移 0x1738 处开始的字符，该字符在当前源字符集中无效(代码页 65001)。
C:\Users\Administrator\source\repos\QtWidgetsApplication2\QtWidgetsApplication2\QtWidgetsApplication2.cpp(1,1): warning C4828: 文件包含在偏移 0x1739 处开始的字符，该字符在当前源字符集中无效(代码页 65001)。
C:\Users\Administrator\source\repos\QtWidgetsApplication2\QtWidgetsApplication2\QtWidgetsApplication2.cpp(1,1): warning C4828: 文件包含在偏移 0x173a 处开始的字符，该字符在当前源字符集中无效(代码页 65001)。
C:\Users\Administrator\source\repos\QtWidgetsApplication2\QtWidgetsApplication2\QtWidgetsApplication2.cpp(1,1): warning C4828: 文件包含在偏移 0x173b 处开始的字符，该字符在当前源字符集中无效(代码页 65001)。
C:\Users\Administrator\source\repos\QtWidgetsApplication2\QtWidgetsApplication2\QtWidgetsApplication2.cpp(1,1): warning C4828: 文件包含在偏移 0x173d 处开始的字符，该字符在当前源字符集中无效(代码页 65001)。
C:\Users\Administrator\source\repos\QtWidgetsApplication2\QtWidgetsApplication2\QtWidgetsApplication2.cpp(1,1): warning C4828: 文件包含在偏移 0x1741 处开始的字符，该字符在当前源字符集中无效(代码页 65001)。
C:\Users\Administrator\source\repos\QtWidgetsApplication2\QtWidgetsApplication2\QtWidgetsApplication2.cpp(1,1): warning C4828: 文件包含在偏移 0x1742 处开始的字符，该字符在当前源字符集中无效(代码页 65001)。
C:\Users\Administrator\source\repos\QtWidgetsApplication2\QtWidgetsApplication2\QtWidgetsApplication2.cpp(1,1): warning C4828: 文件包含在偏移 0x1747 处开始的字符，该字符在当前源字符集中无效(代码页 65001)。
C:\Users\Administrator\source\repos\QtWidgetsApplication2\QtWidgetsApplication2\QtWidgetsApplication2.cpp(1,1): warning C4828: 文件包含在偏移 0x1748 处开始的字符，该字符在当前源字符集中无效(代码页 65001)。
C:\Users\Administrator\source\repos\QtWidgetsApplication2\QtWidgetsApplication2\QtWidgetsApplication2.cpp(1,1): warning C4828: 文件包含在偏移 0x1784 处开始的字符，该字符在当前源字符集中无效(代码页 65001)。
C:\Users\Administrator\source\repos\QtWidgetsApplication2\QtWidgetsApplication2\QtWidgetsApplication2.cpp(1,1): warning C4828: 文件包含在偏移 0x1785 处开始的字符，该字符在当前源字符集中无效(代码页 65001)。
C:\Users\Administrator\source\repos\QtWidgetsApplication2\QtWidgetsApplication2\QtWidgetsApplication2.cpp(1,1): warning C4828: 文件包含在偏移 0x1788 处开始的字符，该字符在当前源字符集中无效(代码页 65001)。
C:\Users\Administrator\source\repos\QtWidgetsApplication2\QtWidgetsApplication2\QtWidgetsApplication2.cpp(1,1): warning C4828: 文件包含在偏移 0x178a 处开始的字符，该字符在当前源字符集中无效(代码页 65001)。
C:\Users\Administrator\source\repos\QtWidgetsApplication2\QtWidgetsApplication2\QtWidgetsApplication2.cpp(1,1): warning C4828: 文件包含在偏移 0x178c 处开始的字符，该字符在当前源字符集中无效(代码页 65001)。
C:\Users\Administrator\source\repos\QtWidgetsApplication2\QtWidgetsApplication2\QtWidgetsApplication2.cpp(1,1): warning C4828: 文件包含在偏移 0x178d 处开始的字符，该字符在当前源字符集中无效(代码页 65001)。
C:\Users\Administrator\source\repos\QtWidgetsApplication2\QtWidgetsApplication2\QtWidgetsApplication2.cpp(1,1): warning C4828: 文件包含在偏移 0x1792 处开始的字符，该字符在当前源字符集中无效(代码页 65001)。
C:\Users\Administrator\source\repos\QtWidgetsApplication2\QtWidgetsApplication2\QtWidgetsApplication2.cpp(1,1): warning C4828: 文件包含在偏移 0x1793 处开始的字符，该字符在当前源字符集中无效(代码页 65001)。
C:\Users\Administrator\source\repos\QtWidgetsApplication2\QtWidgetsApplication2\QtWidgetsApplication2.cpp(1,1): warning C4828: 文件包含在偏移 0x1a4d 处开始的字符，该字符在当前源字符集中无效(代码页 65001)。
C:\Users\Administrator\source\repos\QtWidgetsApplication2\QtWidgetsApplication2\QtWidgetsApplication2.cpp(1,1): warning C4828: 文件包含在偏移 0x1a4e 处开始的字符，该字符在当前源字符集中无效(代码页 65001)。
C:\Users\Administrator\source\repos\QtWidgetsApplication2\QtWidgetsApplication2\QtWidgetsApplication2.cpp(1,1): warning C4828: 文件包含在偏移 0x1a52 处开始的字符，该字符在当前源字符集中无效(代码页 65001)。
C:\Users\Administrator\source\repos\QtWidgetsApplication2\QtWidgetsApplication2\QtWidgetsApplication2.cpp(1,1): warning C4828: 文件包含在偏移 0x1a54 处开始的字符，该字符在当前源字符集中无效(代码页 65001)。
C:\Users\Administrator\source\repos\QtWidgetsApplication2\QtWidgetsApplication2\QtWidgetsApplication2.cpp(1,1): warning C4828: 文件包含在偏移 0x1a56 处开始的字符，该字符在当前源字符集中无效(代码页 65001)。
C:\Users\Administrator\source\repos\QtWidgetsApplication2\QtWidgetsApplication2\QtWidgetsApplication2.cpp(1,1): warning C4828: 文件包含在偏移 0x1a57 处开始的字符，该字符在当前源字符集中无效(代码页 65001)。
C:\Users\Administrator\source\repos\QtWidgetsApplication2\QtWidgetsApplication2\QtWidgetsApplication2.cpp(1,1): warning C4828: 文件包含在偏移 0x1a59 处开始的字符，该字符在当前源字符集中无效(代码页 65001)。
C:\Users\Administrator\source\repos\QtWidgetsApplication2\QtWidgetsApplication2\QtWidgetsApplication2.cpp(1,1): warning C4828: 文件包含在偏移 0x1a5d 处开始的字符，该字符在当前源字符集中无效(代码页 65001)。
C:\Users\Administrator\source\repos\QtWidgetsApplication2\QtWidgetsApplication2\QtWidgetsApplication2.cpp(1,1): warning C4828: 文件包含在偏移 0x1a5f 处开始的字符，该字符在当前源字符集中无效(代码页 65001)。
C:\Users\Administrator\source\repos\QtWidgetsApplication2\QtWidgetsApplication2\QtWidgetsApplication2.cpp(1,1): warning C4828: 文件包含在偏移 0x1a60 处开始的字符，该字符在当前源字符集中无效(代码页 65001)。
C:\Users\Administrator\source\repos\QtWidgetsApplication2\QtWidgetsApplication2\QtWidgetsApplication2.cpp(1,1): warning C4828: 文件包含在偏移 0x1a62 处开始的字符，该字符在当前源字符集中无效(代码页 65001)。
C:\Users\Administrator\source\repos\QtWidgetsApplication2\QtWidgetsApplication2\QtWidgetsApplication2.cpp(1,1): warning C4828: 文件包含在偏移 0x1af9 处开始的字符，该字符在当前源字符集中无效(代码页 65001)。
C:\Users\Administrator\source\repos\QtWidgetsApplication2\QtWidgetsApplication2\QtWidgetsApplication2.cpp(1,1): warning C4828: 文件包含在偏移 0x1afa 处开始的字符，该字符在当前源字符集中无效(代码页 65001)。
C:\Users\Administrator\source\repos\QtWidgetsApplication2\QtWidgetsApplication2\QtWidgetsApplication2.cpp(1,1): warning C4828: 文件包含在偏移 0x1afb 处开始的字符，该字符在当前源字符集中无效(代码页 65001)。
C:\Users\Administrator\source\repos\QtWidgetsApplication2\QtWidgetsApplication2\QtWidgetsApplication2.cpp(1,1): warning C4828: 文件包含在偏移 0x1afc 处开始的字符，该字符在当前源字符集中无效(代码页 65001)。
C:\Users\Administrator\source\repos\QtWidgetsApplication2\QtWidgetsApplication2\QtWidgetsApplication2.cpp(1,1): warning C4828: 文件包含在偏移 0x1aff 处开始的字符，该字符在当前源字符集中无效(代码页 65001)。
C:\Users\Administrator\source\repos\QtWidgetsApplication2\QtWidgetsApplication2\QtWidgetsApplication2.cpp(1,1): warning C4828: 文件包含在偏移 0x1b01 处开始的字符，该字符在当前源字符集中无效(代码页 65001)。
C:\Users\Administrator\source\repos\QtWidgetsApplication2\QtWidgetsApplication2\QtWidgetsApplication2.cpp(1,1): warning C4828: 文件包含在偏移 0x1b02 处开始的字符，该字符在当前源字符集中无效(代码页 65001)。
C:\Users\Administrator\source\repos\QtWidgetsApplication2\QtWidgetsApplication2\QtWidgetsApplication2.cpp(1,1): warning C4828: 文件包含在偏移 0x1b03 处开始的字符，该字符在当前源字符集中无效(代码页 65001)。
C:\Users\Administrator\source\repos\QtWidgetsApplication2\QtWidgetsApplication2\QtWidgetsApplication2.cpp(1,1): warning C4828: 文件包含在偏移 0x1b04 处开始的字符，该字符在当前源字符集中无效(代码页 65001)。
C:\Users\Administrator\source\repos\QtWidgetsApplication2\QtWidgetsApplication2\QtWidgetsApplication2.cpp(1,1): warning C4828: 文件包含在偏移 0x1b6e 处开始的字符，该字符在当前源字符集中无效(代码页 65001)。
C:\Users\Administrator\source\repos\QtWidgetsApplication2\QtWidgetsApplication2\QtWidgetsApplication2.cpp(1,1): warning C4828: 文件包含在偏移 0x1b6f 处开始的字符，该字符在当前源字符集中无效(代码页 65001)。
C:\Users\Administrator\source\repos\QtWidgetsApplication2\QtWidgetsApplication2\QtWidgetsApplication2.cpp(1,1): warning C4828: 文件包含在偏移 0x1b71 处开始的字符，该字符在当前源字符集中无效(代码页 65001)。
C:\Users\Administrator\source\repos\QtWidgetsApplication2\QtWidgetsApplication2\QtWidgetsApplication2.cpp(1,1): warning C4828: 文件包含在偏移 0x1b7c 处开始的字符，该字符在当前源字符集中无效(代码页 65001)。
C:\Users\Administrator\source\repos\QtWidgetsApplication2\QtWidgetsApplication2\QtWidgetsApplication2.cpp(1,1): warning C4828: 文件包含在偏移 0x1b80 处开始的字符，该字符在当前源字符集中无效(代码页 65001)。
C:\Users\Administrator\source\repos\QtWidgetsApplication2\QtWidgetsApplication2\QtWidgetsApplication2.cpp(1,1): warning C4828: 文件包含在偏移 0x1b81 处开始的字符，该字符在当前源字符集中无效(代码页 65001)。
C:\Users\Administrator\source\repos\QtWidgetsApplication2\QtWidgetsApplication2\QtWidgetsApplication2.cpp(1,1): warning C4828: 文件包含在偏移 0x1b8c 处开始的字符，该字符在当前源字符集中无效(代码页 65001)。
C:\Users\Administrator\source\repos\QtWidgetsApplication2\QtWidgetsApplication2\QtWidgetsApplication2.cpp(1,1): warning C4828: 文件包含在偏移 0x1b8d 处开始的字符，该字符在当前源字符集中无效(代码页 65001)。
C:\Users\Administrator\source\repos\QtWidgetsApplication2\QtWidgetsApplication2\QtWidgetsApplication2.cpp(1,1): warning C4828: 文件包含在偏移 0x1b90 处开始的字符，该字符在当前源字符集中无效(代码页 65001)。
C:\Users\Administrator\source\repos\QtWidgetsApplication2\QtWidgetsApplication2\QtWidgetsApplication2.cpp(1,1): warning C4828: 文件包含在偏移 0x1b91 处开始的字符，该字符在当前源字符集中无效(代码页 65001)。
C:\Users\Administrator\source\repos\QtWidgetsApplication2\QtWidgetsApplication2\QtWidgetsApplication2.cpp(1,1): warning C4828: 文件包含在偏移 0x1b92 处开始的字符，该字符在当前源字符集中无效(代码页 65001)。
C:\Users\Administrator\source\repos\QtWidgetsApplication2\QtWidgetsApplication2\QtWidgetsApplication2.cpp(1,1): warning C4828: 文件包含在偏移 0x1b93 处开始的字符，该字符在当前源字符集中无效(代码页 65001)。
C:\Users\Administrator\source\repos\QtWidgetsApplication2\QtWidgetsApplication2\QtWidgetsApplication2.cpp(1,1): warning C4828: 文件包含在偏移 0x1b97 处开始的字符，该字符在当前源字符集中无效(代码页 65001)。
C:\Users\Administrator\source\repos\QtWidgetsApplication2\QtWidgetsApplication2\QtWidgetsApplication2.cpp(1,1): warning C4828: 文件包含在偏移 0x1b98 处开始的字符，该字符在当前源字符集中无效(代码页 65001)。
C:\Users\Administrator\source\repos\QtWidgetsApplication2\QtWidgetsApplication2\QtWidgetsApplication2.cpp(1,1): warning C4828: 文件包含在偏移 0x1b99 处开始的字符，该字符在当前源字符集中无效(代码页 65001)。
C:\Users\Administrator\source\repos\QtWidgetsApplication2\QtWidgetsApplication2\QtWidgetsApplication2.cpp(1,1): warning C4828: 文件包含在偏移 0x1b9b 处开始的字符，该字符在当前源字符集中无效(代码页 65001)。
C:\Users\Administrator\source\repos\QtWidgetsApplication2\QtWidgetsApplication2\QtWidgetsApplication2.cpp(1,1): warning C4828: 文件包含在偏移 0x1b9d 处开始的字符，该字符在当前源字符集中无效(代码页 65001)。
C:\Users\Administrator\source\repos\QtWidgetsApplication2\QtWidgetsApplication2\QtWidgetsApplication2.cpp(1,1): warning C4828: 文件包含在偏移 0x1b9e 处开始的字符，该字符在当前源字符集中无效(代码页 65001)。
C:\Users\Administrator\source\repos\QtWidgetsApplication2\QtWidgetsApplication2\QtWidgetsApplication2.cpp(1,1): warning C4828: 文件包含在偏移 0x1ba1 处开始的字符，该字符在当前源字符集中无效(代码页 65001)。
C:\Users\Administrator\source\repos\QtWidgetsApplication2\QtWidgetsApplication2\QtWidgetsApplication2.cpp(1,1): warning C4828: 文件包含在偏移 0x1ba3 处开始的字符，该字符在当前源字符集中无效(代码页 65001)。
C:\Users\Administrator\source\repos\QtWidgetsApplication2\QtWidgetsApplication2\QtWidgetsApplication2.cpp(1,1): warning C4828: 文件包含在偏移 0x1ba6 处开始的字符，该字符在当前源字符集中无效(代码页 65001)。
C:\Users\Administrator\source\repos\QtWidgetsApplication2\QtWidgetsApplication2\QtWidgetsApplication2.cpp(1,1): warning C4828: 文件包含在偏移 0x1ba8 处开始的字符，该字符在当前源字符集中无效(代码页 65001)。
C:\Users\Administrator\source\repos\QtWidgetsApplication2\QtWidgetsApplication2\QtWidgetsApplication2.cpp(1,1): warning C4828: 文件包含在偏移 0x1bd3 处开始的字符，该字符在当前源字符集中无效(代码页 65001)。
C:\Users\Administrator\source\repos\QtWidgetsApplication2\QtWidgetsApplication2\QtWidgetsApplication2.cpp(1,1): warning C4828: 文件包含在偏移 0x1bd4 处开始的字符，该字符在当前源字符集中无效(代码页 65001)。
C:\Users\Administrator\source\repos\QtWidgetsApplication2\QtWidgetsApplication2\QtWidgetsApplication2.cpp(1,1): warning C4828: 文件包含在偏移 0x1bd6 处开始的字符，该字符在当前源字符集中无效(代码页 65001)。
C:\Users\Administrator\source\repos\QtWidgetsApplication2\QtWidgetsApplication2\QtWidgetsApplication2.cpp(1,1): warning C4828: 文件包含在偏移 0x1bd9 处开始的字符，该字符在当前源字符集中无效(代码页 65001)。
C:\Users\Administrator\source\repos\QtWidgetsApplication2\QtWidgetsApplication2\QtWidgetsApplication2.cpp(1,1): warning C4828: 文件包含在偏移 0x1bdb 处开始的字符，该字符在当前源字符集中无效(代码页 65001)。
C:\Users\Administrator\source\repos\QtWidgetsApplication2\QtWidgetsApplication2\QtWidgetsApplication2.cpp(1,1): warning C4828: 文件包含在偏移 0x1bdc 处开始的字符，该字符在当前源字符集中无效(代码页 65001)。
C:\Users\Administrator\source\repos\QtWidgetsApplication2\QtWidgetsApplication2\QtWidgetsApplication2.cpp(1,1): warning C4828: 文件包含在偏移 0x1bde 处开始的字符，该字符在当前源字符集中无效(代码页 65001)。
C:\Users\Administrator\source\repos\QtWidgetsApplication2\QtWidgetsApplication2\QtWidgetsApplication2.cpp(1,1): warning C4828: 文件包含在偏移 0x1bdf 处开始的字符，该字符在当前源字符集中无效(代码页 65001)。
C:\Users\Administrator\source\repos\QtWidgetsApplication2\QtWidgetsApplication2\QtWidgetsApplication2.cpp(1,1): warning C4828: 文件包含在偏移 0x1be0 处开始的字符，该字符在当前源字符集中无效(代码页 65001)。
C:\Users\Administrator\source\repos\QtWidgetsApplication2\QtWidgetsApplication2\QtWidgetsApplication2.cpp(1,1): warning C4828: 文件包含在偏移 0x1c50 处开始的字符，该字符在当前源字符集中无效(代码页 65001)。
C:\Users\Administrator\source\repos\QtWidgetsApplication2\QtWidgetsApplication2\QtWidgetsApplication2.cpp(1,1): warning C4828: 文件包含在偏移 0x1c52 处开始的字符，该字符在当前源字符集中无效(代码页 65001)。
C:\Users\Administrator\source\repos\QtWidgetsApplication2\QtWidgetsApplication2\QtWidgetsApplication2.cpp(1,1): warning C4828: 文件包含在偏移 0x1c54 处开始的字符，该字符在当前源字符集中无效(代码页 65001)。
C:\Users\Administrator\source\repos\QtWidgetsApplication2\QtWidgetsApplication2\QtWidgetsApplication2.cpp(1,1): warning C4828: 文件包含在偏移 0x1c56 处开始的字符，该字符在当前源字符集中无效(代码页 65001)。
C:\Users\Administrator\source\repos\QtWidgetsApplication2\QtWidgetsApplication2\QtWidgetsApplication2.cpp(1,1): warning C4828: 文件包含在偏移 0x1c57 处开始的字符，该字符在当前源字符集中无效(代码页 65001)。
C:\Users\Administrator\source\repos\QtWidgetsApplication2\QtWidgetsApplication2\QtWidgetsApplication2.cpp(1,1): warning C4828: 文件包含在偏移 0x1c59 处开始的字符，该字符在当前源字符集中无效(代码页 65001)。
C:\Users\Administrator\source\repos\QtWidgetsApplication2\QtWidgetsApplication2\QtWidgetsApplication2.cpp(1,1): warning C4828: 文件包含在偏移 0x1c5c 处开始的字符，该字符在当前源字符集中无效(代码页 65001)。
C:\Users\Administrator\source\repos\QtWidgetsApplication2\QtWidgetsApplication2\QtWidgetsApplication2.cpp(1,1): warning C4828: 文件包含在偏移 0x1c5e 处开始的字符，该字符在当前源字符集中无效(代码页 65001)。
C:\Users\Administrator\source\repos\QtWidgetsApplication2\QtWidgetsApplication2\QtWidgetsApplication2.cpp(1,1): warning C4828: 文件包含在偏移 0x1c5f 处开始的字符，该字符在当前源字符集中无效(代码页 65001)。
C:\Users\Administrator\source\repos\QtWidgetsApplication2\QtWidgetsApplication2\QtWidgetsApplication2.cpp(1,1): warning C4828: 文件包含在偏移 0x1c61 处开始的字符，该字符在当前源字符集中无效(代码页 65001)。
C:\Users\Administrator\source\repos\QtWidgetsApplication2\QtWidgetsApplication2\QtWidgetsApplication2.cpp(1,1): warning C4828: 文件包含在偏移 0x1c62 处开始的字符，该字符在当前源字符集中无效(代码页 65001)。
C:\Users\Administrator\source\repos\QtWidgetsApplication2\QtWidgetsApplication2\QtWidgetsApplication2.cpp(1,1): warning C4828: 文件包含在偏移 0x1c63 处开始的字符，该字符在当前源字符集中无效(代码页 65001)。
C:\Users\Administrator\source\repos\QtWidgetsApplication2\QtWidgetsApplication2\QtWidgetsApplication2.cpp(1,1): warning C4828: 文件包含在偏移 0x1c66 处开始的字符，该字符在当前源字符集中无效(代码页 65001)。
C:\Users\Administrator\source\repos\QtWidgetsApplication2\QtWidgetsApplication2\QtWidgetsApplication2.cpp(1,1): warning C4828: 文件包含在偏移 0x1c68 处开始的字符，该字符在当前源字符集中无效(代码页 65001)。
C:\Users\Administrator\source\repos\QtWidgetsApplication2\QtWidgetsApplication2\QtWidgetsApplication2.cpp(1,1): warning C4828: 文件包含在偏移 0x1c69 处开始的字符，该字符在当前源字符集中无效(代码页 65001)。
C:\Users\Administrator\source\repos\QtWidgetsApplication2\QtWidgetsApplication2\QtWidgetsApplication2.cpp(1,1): warning C4828: 文件包含在偏移 0x1c6b 处开始的字符，该字符在当前源字符集中无效(代码页 65001)。
C:\Users\Administrator\source\repos\QtWidgetsApplication2\QtWidgetsApplication2\QtWidgetsApplication2.cpp(1,1): warning C4828: 文件包含在偏移 0x1d2c 处开始的字符，该字符在当前源字符集中无效(代码页 65001)。
C:\Users\Administrator\source\repos\QtWidgetsApplication2\QtWidgetsApplication2\QtWidgetsApplication2.cpp(1,1): warning C4828: 文件包含在偏移 0x1d30 处开始的字符，该字符在当前源字符集中无效(代码页 65001)。
C:\Users\Administrator\source\repos\QtWidgetsApplication2\QtWidgetsApplication2\QtWidgetsApplication2.cpp(1,1): warning C4828: 文件包含在偏移 0x1d33 处开始的字符，该字符在当前源字符集中无效(代码页 65001)。
C:\Users\Administrator\source\repos\QtWidgetsApplication2\QtWidgetsApplication2\QtWidgetsApplication2.cpp(1,1): warning C4828: 文件包含在偏移 0x1d47 处开始的字符，该字符在当前源字符集中无效(代码页 65001)。
C:\Users\Administrator\source\repos\QtWidgetsApplication2\QtWidgetsApplication2\QtWidgetsApplication2.cpp(1,1): warning C4828: 文件包含在偏移 0x1d48 处开始的字符，该字符在当前源字符集中无效(代码页 65001)。
C:\Users\Administrator\source\repos\QtWidgetsApplication2\QtWidgetsApplication2\QtWidgetsApplication2.cpp(1,1): warning C4828: 文件包含在偏移 0x1d4a 处开始的字符，该字符在当前源字符集中无效(代码页 65001)。
C:\Users\Administrator\source\repos\QtWidgetsApplication2\QtWidgetsApplication2\QtWidgetsApplication2.cpp(1,1): warning C4828: 文件包含在偏移 0x1d4b 处开始的字符，该字符在当前源字符集中无效(代码页 65001)。
C:\Users\Administrator\source\repos\QtWidgetsApplication2\QtWidgetsApplication2\QtWidgetsApplication2.cpp(1,1): warning C4828: 文件包含在偏移 0x1d4c 处开始的字符，该字符在当前源字符集中无效(代码页 65001)。
C:\Users\Administrator\source\repos\QtWidgetsApplication2\QtWidgetsApplication2\QtWidgetsApplication2.cpp(1,1): warning C4828: 文件包含在偏移 0x1d4d 处开始的字符，该字符在当前源字符集中无效(代码页 65001)。
C:\Users\Administrator\source\repos\QtWidgetsApplication2\QtWidgetsApplication2\QtWidgetsApplication2.cpp(1,1): warning C4828: 文件包含在偏移 0x1d4f 处开始的字符，该字符在当前源字符集中无效(代码页 65001)。
C:\Users\Administrator\source\repos\QtWidgetsApplication2\QtWidgetsApplication2\QtWidgetsApplication2.cpp(1,1): warning C4828: 文件包含在偏移 0x1d52 处开始的字符，该字符在当前源字符集中无效(代码页 65001)。
C:\Users\Administrator\source\repos\QtWidgetsApplication2\QtWidgetsApplication2\QtWidgetsApplication2.cpp(1,1): warning C4828: 文件包含在偏移 0x1d55 处开始的字符，该字符在当前源字符集中无效(代码页 65001)。
C:\Users\Administrator\source\repos\QtWidgetsApplication2\QtWidgetsApplication2\QtWidgetsApplication2.cpp(1,1): warning C4828: 文件包含在偏移 0x1d57 处开始的字符，该字符在当前源字符集中无效(代码页 65001)。
C:\Users\Administrator\source\repos\QtWidgetsApplication2\QtWidgetsApplication2\QtWidgetsApplication2.cpp(1,1): warning C4828: 文件包含在偏移 0x1d5b 处开始的字符，该字符在当前源字符集中无效(代码页 65001)。
C:\Users\Administrator\source\repos\QtWidgetsApplication2\QtWidgetsApplication2\QtWidgetsApplication2.cpp(1,1): warning C4828: 文件包含在偏移 0x1d5d 处开始的字符，该字符在当前源字符集中无效(代码页 65001)。
C:\Users\Administrator\source\repos\QtWidgetsApplication2\QtWidgetsApplication2\QtWidgetsApplication2.cpp(1,1): warning C4828: 文件包含在偏移 0x1d5f 处开始的字符，该字符在当前源字符集中无效(代码页 65001)。
C:\Users\Administrator\source\repos\QtWidgetsApplication2\QtWidgetsApplication2\QtWidgetsApplication2.cpp(1,1): warning C4828: 文件包含在偏移 0x1d60 处开始的字符，该字符在当前源字符集中无效(代码页 65001)。
C:\Users\Administrator\source\repos\QtWidgetsApplication2\QtWidgetsApplication2\QtWidgetsApplication2.cpp(1,1): warning C4828: 文件包含在偏移 0x1d62 处开始的字符，该字符在当前源字符集中无效(代码页 65001)。
C:\Users\Administrator\source\repos\QtWidgetsApplication2\QtWidgetsApplication2\QtWidgetsApplication2.cpp(1,1): warning C4828: 文件包含在偏移 0x1e89 处开始的字符，该字符在当前源字符集中无效(代码页 65001)。
C:\Users\Administrator\source\repos\QtWidgetsApplication2\QtWidgetsApplication2\QtWidgetsApplication2.cpp(1,1): warning C4828: 文件包含在偏移 0x1e8a 处开始的字符，该字符在当前源字符集中无效(代码页 65001)。
C:\Users\Administrator\source\repos\QtWidgetsApplication2\QtWidgetsApplication2\QtWidgetsApplication2.cpp(1,1): warning C4828: 文件包含在偏移 0x1e99 处开始的字符，该字符在当前源字符集中无效(代码页 65001)。
C:\Users\Administrator\source\repos\QtWidgetsApplication2\QtWidgetsApplication2\QtWidgetsApplication2.cpp(1,1): warning C4828: 文件包含在偏移 0x1e9a 处开始的字符，该字符在当前源字符集中无效(代码页 65001)。
C:\Users\Administrator\source\repos\QtWidgetsApplication2\QtWidgetsApplication2\QtWidgetsApplication2.cpp(1,1): warning C4828: 文件包含在偏移 0x1f48 处开始的字符，该字符在当前源字符集中无效(代码页 65001)。
C:\Users\Administrator\source\repos\QtWidgetsApplication2\QtWidgetsApplication2\QtWidgetsApplication2.cpp(1,1): warning C4828: 文件包含在偏移 0x1f52 处开始的字符，该字符在当前源字符集中无效(代码页 65001)。
C:\Users\Administrator\source\repos\QtWidgetsApplication2\QtWidgetsApplication2\QtWidgetsApplication2.cpp(1,1): warning C4828: 文件包含在偏移 0x1f54 处开始的字符，该字符在当前源字符集中无效(代码页 65001)。
C:\Users\Administrator\source\repos\QtWidgetsApplication2\QtWidgetsApplication2\QtWidgetsApplication2.cpp(1,1): warning C4828: 文件包含在偏移 0x1f58 处开始的字符，该字符在当前源字符集中无效(代码页 65001)。
C:\Users\Administrator\source\repos\QtWidgetsApplication2\QtWidgetsApplication2\QtWidgetsApplication2.cpp(1,1): warning C4828: 文件包含在偏移 0x1f59 处开始的字符，该字符在当前源字符集中无效(代码页 65001)。
C:\Users\Administrator\source\repos\QtWidgetsApplication2\QtWidgetsApplication2\QtWidgetsApplication2.cpp(1,1): warning C4828: 文件包含在偏移 0x1f5c 处开始的字符，该字符在当前源字符集中无效(代码页 65001)。
C:\Users\Administrator\source\repos\QtWidgetsApplication2\QtWidgetsApplication2\QtWidgetsApplication2.cpp(1,1): warning C4828: 文件包含在偏移 0x1f5d 处开始的字符，该字符在当前源字符集中无效(代码页 65001)。
C:\Users\Administrator\source\repos\QtWidgetsApplication2\QtWidgetsApplication2\QtWidgetsApplication2.cpp(1,1): warning C4828: 文件包含在偏移 0x1f61 处开始的字符，该字符在当前源字符集中无效(代码页 65001)。
C:\Users\Administrator\source\repos\QtWidgetsApplication2\QtWidgetsApplication2\QtWidgetsApplication2.cpp(1,1): warning C4828: 文件包含在偏移 0x1f62 处开始的字符，该字符在当前源字符集中无效(代码页 65001)。
C:\Users\Administrator\source\repos\QtWidgetsApplication2\QtWidgetsApplication2\QtWidgetsApplication2.cpp(1,1): warning C4828: 文件包含在偏移 0x1f9d 处开始的字符，该字符在当前源字符集中无效(代码页 65001)。
C:\Users\Administrator\source\repos\QtWidgetsApplication2\QtWidgetsApplication2\QtWidgetsApplication2.cpp(1,1): warning C4828: 文件包含在偏移 0x1f9f 处开始的字符，该字符在当前源字符集中无效(代码页 65001)。
C:\Users\Administrator\source\repos\QtWidgetsApplication2\QtWidgetsApplication2\QtWidgetsApplication2.cpp(1,1): warning C4828: 文件包含在偏移 0x1fa0 处开始的字符，该字符在当前源字符集中无效(代码页 65001)。
C:\Users\Administrator\source\repos\QtWidgetsApplication2\QtWidgetsApplication2\QtWidgetsApplication2.cpp(1,1): warning C4828: 文件包含在偏移 0x1fa4 处开始的字符，该字符在当前源字符集中无效(代码页 65001)。
C:\Users\Administrator\source\repos\QtWidgetsApplication2\QtWidgetsApplication2\QtWidgetsApplication2.cpp(1,1): warning C4828: 文件包含在偏移 0x1fa5 处开始的字符，该字符在当前源字符集中无效(代码页 65001)。
C:\Users\Administrator\source\repos\QtWidgetsApplication2\QtWidgetsApplication2\QtWidgetsApplication2.cpp(1,1): warning C4828: 文件包含在偏移 0x1fa6 处开始的字符，该字符在当前源字符集中无效(代码页 65001)。
C:\Users\Administrator\source\repos\QtWidgetsApplication2\QtWidgetsApplication2\QtWidgetsApplication2.cpp(1,1): warning C4828: 文件包含在偏移 0x1fa8 处开始的字符，该字符在当前源字符集中无效(代码页 65001)。
C:\Users\Administrator\source\repos\QtWidgetsApplication2\QtWidgetsApplication2\QtWidgetsApplication2.cpp(1,1): warning C4828: 文件包含在偏移 0x1fa9 处开始的字符，该字符在当前源字符集中无效(代码页 65001)。
C:\Users\Administrator\source\repos\QtWidgetsApplication2\QtWidgetsApplication2\QtWidgetsApplication2.cpp(1,1): warning C4828: 文件包含在偏移 0x1faa 处开始的字符，该字符在当前源字符集中无效(代码页 65001)。
C:\Users\Administrator\source\repos\QtWidgetsApplication2\QtWidgetsApplication2\QtWidgetsApplication2.cpp(1,1): warning C4828: 文件包含在偏移 0x1fac 处开始的字符，该字符在当前源字符集中无效(代码页 65001)。
C:\Users\Administrator\source\repos\QtWidgetsApplication2\QtWidgetsApplication2\QtWidgetsApplication2.cpp(1,1): warning C4828: 文件包含在偏移 0x1fae 处开始的字符，该字符在当前源字符集中无效(代码页 65001)。
C:\Users\Administrator\source\repos\QtWidgetsApplication2\QtWidgetsApplication2\QtWidgetsApplication2.cpp(1,1): warning C4828: 文件包含在偏移 0x1faf 处开始的字符，该字符在当前源字符集中无效(代码页 65001)。
C:\Users\Administrator\source\repos\QtWidgetsApplication2\QtWidgetsApplication2\QtWidgetsApplication2.cpp(1,1): warning C4828: 文件包含在偏移 0x1fb0 处开始的字符，该字符在当前源字符集中无效(代码页 65001)。
C:\Users\Administrator\source\repos\QtWidgetsApplication2\QtWidgetsApplication2\QtWidgetsApplication2.cpp(1,1): warning C4828: 文件包含在偏移 0x1fb1 处开始的字符，该字符在当前源字符集中无效(代码页 65001)。
C:\Users\Administrator\source\repos\QtWidgetsApplication2\QtWidgetsApplication2\QtWidgetsApplication2.cpp(1,1): warning C4828: 文件包含在偏移 0x1fb2 处开始的字符，该字符在当前源字符集中无效(代码页 65001)。
C:\Users\Administrator\source\repos\QtWidgetsApplication2\QtWidgetsApplication2\QtWidgetsApplication2.cpp(1,1): warning C4828: 文件包含在偏移 0x1fb6 处开始的字符，该字符在当前源字符集中无效(代码页 65001)。
C:\Users\Administrator\source\repos\QtWidgetsApplication2\QtWidgetsApplication2\QtWidgetsApplication2.cpp(1,1): warning C4828: 文件包含在偏移 0x1fb7 处开始的字符，该字符在当前源字符集中无效(代码页 65001)。
C:\Users\Administrator\source\repos\QtWidgetsApplication2\QtWidgetsApplication2\QtWidgetsApplication2.cpp(1,1): warning C4828: 文件包含在偏移 0x1fb8 处开始的字符，该字符在当前源字符集中无效(代码页 65001)。
C:\Users\Administrator\source\repos\QtWidgetsApplication2\QtWidgetsApplication2\QtWidgetsApplication2.cpp(1,1): warning C4828: 文件包含在偏移 0x1fb9 处开始的字符，该字符在当前源字符集中无效(代码页 65001)。
C:\Users\Administrator\source\repos\QtWidgetsApplication2\QtWidgetsApplication2\QtWidgetsApplication2.cpp(1,1): warning C4828: 文件包含在偏移 0x1fba 处开始的字符，该字符在当前源字符集中无效(代码页 65001)。
C:\Users\Administrator\source\repos\QtWidgetsApplication2\QtWidgetsApplication2\QtWidgetsApplication2.cpp(1,1): warning C4828: 文件包含在偏移 0x203e 处开始的字符，该字符在当前源字符集中无效(代码页 65001)。
C:\Users\Administrator\source\repos\QtWidgetsApplication2\QtWidgetsApplication2\QtWidgetsApplication2.cpp(1,1): warning C4828: 文件包含在偏移 0x203f 处开始的字符，该字符在当前源字符集中无效(代码页 65001)。
C:\Users\Administrator\source\repos\QtWidgetsApplication2\QtWidgetsApplication2\QtWidgetsApplication2.cpp(1,1): warning C4828: 文件包含在偏移 0x2043 处开始的字符，该字符在当前源字符集中无效(代码页 65001)。
C:\Users\Administrator\source\repos\QtWidgetsApplication2\QtWidgetsApplication2\QtWidgetsApplication2.cpp(1,1): warning C4828: 文件包含在偏移 0x2046 处开始的字符，该字符在当前源字符集中无效(代码页 65001)。
C:\Users\Administrator\source\repos\QtWidgetsApplication2\QtWidgetsApplication2\QtWidgetsApplication2.cpp(1,1): warning C4828: 文件包含在偏移 0x2048 处开始的字符，该字符在当前源字符集中无效(代码页 65001)。
C:\Users\Administrator\source\repos\QtWidgetsApplication2\QtWidgetsApplication2\QtWidgetsApplication2.cpp(1,1): warning C4828: 文件包含在偏移 0x2049 处开始的字符，该字符在当前源字符集中无效(代码页 65001)。
C:\Users\Administrator\source\repos\QtWidgetsApplication2\QtWidgetsApplication2\QtWidgetsApplication2.cpp(1,1): warning C4828: 文件包含在偏移 0x20a6 处开始的字符，该字符在当前源字符集中无效(代码页 65001)。
C:\Users\Administrator\source\repos\QtWidgetsApplication2\QtWidgetsApplication2\QtWidgetsApplication2.cpp(1,1): warning C4828: 文件包含在偏移 0x20a7 处开始的字符，该字符在当前源字符集中无效(代码页 65001)。
C:\Users\Administrator\source\repos\QtWidgetsApplication2\QtWidgetsApplication2\QtWidgetsApplication2.cpp(1,1): warning C4828: 文件包含在偏移 0x20a8 处开始的字符，该字符在当前源字符集中无效(代码页 65001)。
C:\Users\Administrator\source\repos\QtWidgetsApplication2\QtWidgetsApplication2\QtWidgetsApplication2.cpp(1,1): warning C4828: 文件包含在偏移 0x20a9 处开始的字符，该字符在当前源字符集中无效(代码页 65001)。
C:\Users\Administrator\source\repos\QtWidgetsApplication2\QtWidgetsApplication2\QtWidgetsApplication2.cpp(1,1): warning C4828: 文件包含在偏移 0x20ac 处开始的字符，该字符在当前源字符集中无效(代码页 65001)。
C:\Users\Administrator\source\repos\QtWidgetsApplication2\QtWidgetsApplication2\QtWidgetsApplication2.cpp(1,1): warning C4828: 文件包含在偏移 0x20ad 处开始的字符，该字符在当前源字符集中无效(代码页 65001)。
C:\Users\Administrator\source\repos\QtWidgetsApplication2\QtWidgetsApplication2\QtWidgetsApplication2.cpp(1,1): warning C4828: 文件包含在偏移 0x20b3 处开始的字符，该字符在当前源字符集中无效(代码页 65001)。
C:\Users\Administrator\source\repos\QtWidgetsApplication2\QtWidgetsApplication2\QtWidgetsApplication2.cpp(1,1): warning C4828: 文件包含在偏移 0x20b4 处开始的字符，该字符在当前源字符集中无效(代码页 65001)。
C:\Users\Administrator\source\repos\QtWidgetsApplication2\QtWidgetsApplication2\QtWidgetsApplication2.cpp(1,1): warning C4828: 文件包含在偏移 0x20b5 处开始的字符，该字符在当前源字符集中无效(代码页 65001)。
C:\Users\Administrator\source\repos\QtWidgetsApplication2\QtWidgetsApplication2\QtWidgetsApplication2.cpp(1,1): warning C4828: 文件包含在偏移 0x20b7 处开始的字符，该字符在当前源字符集中无效(代码页 65001)。
C:\Users\Administrator\source\repos\QtWidgetsApplication2\QtWidgetsApplication2\QtWidgetsApplication2.cpp(1,1): warning C4828: 文件包含在偏移 0x20ba 处开始的字符，该字符在当前源字符集中无效(代码页 65001)。
C:\Users\Administrator\source\repos\QtWidgetsApplication2\QtWidgetsApplication2\QtWidgetsApplication2.cpp(1,1): warning C4828: 文件包含在偏移 0x20bb 处开始的字符，该字符在当前源字符集中无效(代码页 65001)。
C:\Users\Administrator\source\repos\QtWidgetsApplication2\QtWidgetsApplication2\QtWidgetsApplication2.cpp(1,1): warning C4828: 文件包含在偏移 0x20bf 处开始的字符，该字符在当前源字符集中无效(代码页 65001)。
C:\Users\Administrator\source\repos\QtWidgetsApplication2\QtWidgetsApplication2\QtWidgetsApplication2.cpp(1,1): warning C4828: 文件包含在偏移 0x20c0 处开始的字符，该字符在当前源字符集中无效(代码页 65001)。
C:\Users\Administrator\source\repos\QtWidgetsApplication2\QtWidgetsApplication2\QtWidgetsApplication2.cpp(1,1): warning C4828: 文件包含在偏移 0x20c1 处开始的字符，该字符在当前源字符集中无效(代码页 65001)。
C:\Users\Administrator\source\repos\QtWidgetsApplication2\QtWidgetsApplication2\QtWidgetsApplication2.cpp(1,1): warning C4828: 文件包含在偏移 0x20c3 处开始的字符，该字符在当前源字符集中无效(代码页 65001)。
C:\Users\Administrator\source\repos\QtWidgetsApplication2\QtWidgetsApplication2\QtWidgetsApplication2.cpp(1,1): warning C4828: 文件包含在偏移 0x20c4 处开始的字符，该字符在当前源字符集中无效(代码页 65001)。
C:\Users\Administrator\source\repos\QtWidgetsApplication2\QtWidgetsApplication2\QtWidgetsApplication2.cpp(1,1): warning C4828: 文件包含在偏移 0x20c6 处开始的字符，该字符在当前源字符集中无效(代码页 65001)。
C:\Users\Administrator\source\repos\QtWidgetsApplication2\QtWidgetsApplication2\QtWidgetsApplication2.cpp(1,1): warning C4828: 文件包含在偏移 0x20c8 处开始的字符，该字符在当前源字符集中无效(代码页 65001)。
C:\Users\Administrator\source\repos\QtWidgetsApplication2\QtWidgetsApplication2\QtWidgetsApplication2.cpp(1,1): warning C4828: 文件包含在偏移 0x20c9 处开始的字符，该字符在当前源字符集中无效(代码页 65001)。
C:\Users\Administrator\source\repos\QtWidgetsApplication2\QtWidgetsApplication2\QtWidgetsApplication2.cpp(1,1): warning C4828: 文件包含在偏移 0x21f8 处开始的字符，该字符在当前源字符集中无效(代码页 65001)。
C:\Users\Administrator\source\repos\QtWidgetsApplication2\QtWidgetsApplication2\QtWidgetsApplication2.cpp(1,1): warning C4828: 文件包含在偏移 0x21fa 处开始的字符，该字符在当前源字符集中无效(代码页 65001)。
C:\Users\Administrator\source\repos\QtWidgetsApplication2\QtWidgetsApplication2\QtWidgetsApplication2.cpp(1,1): warning C4828: 文件包含在偏移 0x21fb 处开始的字符，该字符在当前源字符集中无效(代码页 65001)。
C:\Users\Administrator\source\repos\QtWidgetsApplication2\QtWidgetsApplication2\QtWidgetsApplication2.cpp(1,1): warning C4828: 文件包含在偏移 0x21ff 处开始的字符，该字符在当前源字符集中无效(代码页 65001)。
C:\Users\Administrator\source\repos\QtWidgetsApplication2\QtWidgetsApplication2\QtWidgetsApplication2.cpp(1,1): warning C4828: 文件包含在偏移 0x2200 处开始的字符，该字符在当前源字符集中无效(代码页 65001)。
C:\Users\Administrator\source\repos\QtWidgetsApplication2\QtWidgetsApplication2\QtWidgetsApplication2.cpp(1,1): warning C4828: 文件包含在偏移 0x2201 处开始的字符，该字符在当前源字符集中无效(代码页 65001)。
C:\Users\Administrator\source\repos\QtWidgetsApplication2\QtWidgetsApplication2\QtWidgetsApplication2.cpp(1,1): warning C4828: 文件包含在偏移 0x2203 处开始的字符，该字符在当前源字符集中无效(代码页 65001)。
C:\Users\Administrator\source\repos\QtWidgetsApplication2\QtWidgetsApplication2\QtWidgetsApplication2.cpp(1,1): warning C4828: 文件包含在偏移 0x2204 处开始的字符，该字符在当前源字符集中无效(代码页 65001)。
C:\Users\Administrator\source\repos\QtWidgetsApplication2\QtWidgetsApplication2\QtWidgetsApplication2.cpp(1,1): warning C4828: 文件包含在偏移 0x2205 处开始的字符，该字符在当前源字符集中无效(代码页 65001)。
C:\Users\Administrator\source\repos\QtWidgetsApplication2\QtWidgetsApplication2\QtWidgetsApplication2.cpp(1,1): warning C4828: 文件包含在偏移 0x2207 处开始的字符，该字符在当前源字符集中无效(代码页 65001)。
C:\Users\Administrator\source\repos\QtWidgetsApplication2\QtWidgetsApplication2\QtWidgetsApplication2.cpp(1,1): warning C4828: 文件包含在偏移 0x2209 处开始的字符，该字符在当前源字符集中无效(代码页 65001)。
C:\Users\Administrator\source\repos\QtWidgetsApplication2\QtWidgetsApplication2\QtWidgetsApplication2.cpp(1,1): warning C4828: 文件包含在偏移 0x220a 处开始的字符，该字符在当前源字符集中无效(代码页 65001)。
C:\Users\Administrator\source\repos\QtWidgetsApplication2\QtWidgetsApplication2\QtWidgetsApplication2.cpp(1,1): warning C4828: 文件包含在偏移 0x220b 处开始的字符，该字符在当前源字符集中无效(代码页 65001)。
C:\Users\Administrator\source\repos\QtWidgetsApplication2\QtWidgetsApplication2\QtWidgetsApplication2.cpp(1,1): warning C4828: 文件包含在偏移 0x220c 处开始的字符，该字符在当前源字符集中无效(代码页 65001)。
C:\Users\Administrator\source\repos\QtWidgetsApplication2\QtWidgetsApplication2\QtWidgetsApplication2.cpp(1,1): warning C4828: 文件包含在偏移 0x220d 处开始的字符，该字符在当前源字符集中无效(代码页 65001)。
C:\Users\Administrator\source\repos\QtWidgetsApplication2\QtWidgetsApplication2\QtWidgetsApplication2.cpp(1,1): warning C4828: 文件包含在偏移 0x2211 处开始的字符，该字符在当前源字符集中无效(代码页 65001)。
C:\Users\Administrator\source\repos\QtWidgetsApplication2\QtWidgetsApplication2\QtWidgetsApplication2.cpp(1,1): warning C4828: 文件包含在偏移 0x2212 处开始的字符，该字符在当前源字符集中无效(代码页 65001)。
C:\Users\Administrator\source\repos\QtWidgetsApplication2\QtWidgetsApplication2\QtWidgetsApplication2.cpp(1,1): warning C4828: 文件包含在偏移 0x2213 处开始的字符，该字符在当前源字符集中无效(代码页 65001)。
C:\Users\Administrator\source\repos\QtWidgetsApplication2\QtWidgetsApplication2\QtWidgetsApplication2.cpp(1,1): warning C4828: 文件包含在偏移 0x2214 处开始的字符，该字符在当前源字符集中无效(代码页 65001)。
C:\Users\Administrator\source\repos\QtWidgetsApplication2\QtWidgetsApplication2\QtWidgetsApplication2.cpp(1,1): warning C4828: 文件包含在偏移 0x2215 处开始的字符，该字符在当前源字符集中无效(代码页 65001)。
C:\Users\Administrator\source\repos\QtWidgetsApplication2\QtWidgetsApplication2\QtWidgetsApplication2.cpp(1,1): warning C4828: 文件包含在偏移 0x26dc 处开始的字符，该字符在当前源字符集中无效(代码页 65001)。
C:\Users\Administrator\source\repos\QtWidgetsApplication2\QtWidgetsApplication2\QtWidgetsApplication2.cpp(1,1): warning C4828: 文件包含在偏移 0x26dd 处开始的字符，该字符在当前源字符集中无效(代码页 65001)。
C:\Users\Administrator\source\repos\QtWidgetsApplication2\QtWidgetsApplication2\QtWidgetsApplication2.cpp(1,1): warning C4828: 文件包含在偏移 0x26de 处开始的字符，该字符在当前源字符集中无效(代码页 65001)。
C:\Users\Administrator\source\repos\QtWidgetsApplication2\QtWidgetsApplication2\QtWidgetsApplication2.cpp(1,1): warning C4828: 文件包含在偏移 0x26df 处开始的字符，该字符在当前源字符集中无效(代码页 65001)。
C:\Users\Administrator\source\repos\QtWidgetsApplication2\QtWidgetsApplication2\QtWidgetsApplication2.cpp(1,1): warning C4828: 文件包含在偏移 0x26eb 处开始的字符，该字符在当前源字符集中无效(代码页 65001)。
C:\Users\Administrator\source\repos\QtWidgetsApplication2\QtWidgetsApplication2\QtWidgetsApplication2.cpp(1,1): warning C4828: 文件包含在偏移 0x26ec 处开始的字符，该字符在当前源字符集中无效(代码页 65001)。
C:\Users\Administrator\source\repos\QtWidgetsApplication2\QtWidgetsApplication2\QtWidgetsApplication2.cpp(1,1): warning C4828: 文件包含在偏移 0x26f4 处开始的字符，该字符在当前源字符集中无效(代码页 65001)。
C:\Users\Administrator\source\repos\QtWidgetsApplication2\QtWidgetsApplication2\QtWidgetsApplication2.cpp(1,1): warning C4828: 文件包含在偏移 0x26f6 处开始的字符，该字符在当前源字符集中无效(代码页 65001)。
C:\Users\Administrator\source\repos\QtWidgetsApplication2\QtWidgetsApplication2\QtWidgetsApplication2.cpp(1,1): warning C4828: 文件包含在偏移 0x26f9 处开始的字符，该字符在当前源字符集中无效(代码页 65001)。
C:\Users\Administrator\source\repos\QtWidgetsApplication2\QtWidgetsApplication2\QtWidgetsApplication2.cpp(1,1): warning C4828: 文件包含在偏移 0x270f 处开始的字符，该字符在当前源字符集中无效(代码页 65001)。
C:\Users\Administrator\source\repos\QtWidgetsApplication2\QtWidgetsApplication2\QtWidgetsApplication2.cpp(1,1): warning C4828: 文件包含在偏移 0x2710 处开始的字符，该字符在当前源字符集中无效(代码页 65001)。
C:\Users\Administrator\source\repos\QtWidgetsApplication2\QtWidgetsApplication2\QtWidgetsApplication2.cpp(1,1): warning C4828: 文件包含在偏移 0x271d 处开始的字符，该字符在当前源字符集中无效(代码页 65001)。
C:\Users\Administrator\source\repos\QtWidgetsApplication2\QtWidgetsApplication2\QtWidgetsApplication2.cpp(1,1): warning C4828: 文件包含在偏移 0x271e 处开始的字符，该字符在当前源字符集中无效(代码页 65001)。
C:\Users\Administrator\source\repos\QtWidgetsApplication2\QtWidgetsApplication2\QtWidgetsApplication2.cpp(1,1): warning C4828: 文件包含在偏移 0x2830 处开始的字符，该字符在当前源字符集中无效(代码页 65001)。
C:\Users\Administrator\source\repos\QtWidgetsApplication2\QtWidgetsApplication2\QtWidgetsApplication2.cpp(1,1): warning C4828: 文件包含在偏移 0x2831 处开始的字符，该字符在当前源字符集中无效(代码页 65001)。
C:\Users\Administrator\source\repos\QtWidgetsApplication2\QtWidgetsApplication2\QtWidgetsApplication2.cpp(1,1): warning C4828: 文件包含在偏移 0x2835 处开始的字符，该字符在当前源字符集中无效(代码页 65001)。
C:\Users\Administrator\source\repos\QtWidgetsApplication2\QtWidgetsApplication2\QtWidgetsApplication2.cpp(1,1): warning C4828: 文件包含在偏移 0x28dd 处开始的字符，该字符在当前源字符集中无效(代码页 65001)。
C:\Users\Administrator\source\repos\QtWidgetsApplication2\QtWidgetsApplication2\QtWidgetsApplication2.cpp(1,1): warning C4828: 文件包含在偏移 0x28e5 处开始的字符，该字符在当前源字符集中无效(代码页 65001)。
C:\Users\Administrator\source\repos\QtWidgetsApplication2\QtWidgetsApplication2\QtWidgetsApplication2.cpp(1,1): warning C4828: 文件包含在偏移 0x28e6 处开始的字符，该字符在当前源字符集中无效(代码页 65001)。
C:\Users\Administrator\source\repos\QtWidgetsApplication2\QtWidgetsApplication2\QtWidgetsApplication2.cpp(1,1): warning C4828: 文件包含在偏移 0x2bef 处开始的字符，该字符在当前源字符集中无效(代码页 65001)。
C:\Users\Administrator\source\repos\QtWidgetsApplication2\QtWidgetsApplication2\QtWidgetsApplication2.cpp(1,1): warning C4828: 文件包含在偏移 0x2bf0 处开始的字符，该字符在当前源字符集中无效(代码页 65001)。
C:\Users\Administrator\source\repos\QtWidgetsApplication2\QtWidgetsApplication2\QtWidgetsApplication2.cpp(1,1): warning C4828: 文件包含在偏移 0x2bf1 处开始的字符，该字符在当前源字符集中无效(代码页 65001)。
C:\Users\Administrator\source\repos\QtWidgetsApplication2\QtWidgetsApplication2\QtWidgetsApplication2.cpp(1,1): warning C4828: 文件包含在偏移 0x2bf2 处开始的字符，该字符在当前源字符集中无效(代码页 65001)。
C:\Users\Administrator\source\repos\QtWidgetsApplication2\QtWidgetsApplication2\QtWidgetsApplication2.cpp(1,1): warning C4828: 文件包含在偏移 0x2bf9 处开始的字符，该字符在当前源字符集中无效(代码页 65001)。
C:\Users\Administrator\source\repos\QtWidgetsApplication2\QtWidgetsApplication2\QtWidgetsApplication2.cpp(1,1): warning C4828: 文件包含在偏移 0x2bfa 处开始的字符，该字符在当前源字符集中无效(代码页 65001)。
C:\Users\Administrator\source\repos\QtWidgetsApplication2\QtWidgetsApplication2\QtWidgetsApplication2.cpp(1,1): warning C4828: 文件包含在偏移 0x2bfd 处开始的字符，该字符在当前源字符集中无效(代码页 65001)。
C:\Users\Administrator\source\repos\QtWidgetsApplication2\QtWidgetsApplication2\QtWidgetsApplication2.cpp(1,1): warning C4828: 文件包含在偏移 0x2bfe 处开始的字符，该字符在当前源字符集中无效(代码页 65001)。
C:\Users\Administrator\source\repos\QtWidgetsApplication2\QtWidgetsApplication2\QtWidgetsApplication2.cpp(1,1): warning C4828: 文件包含在偏移 0x2d11 处开始的字符，该字符在当前源字符集中无效(代码页 65001)。
C:\Users\Administrator\source\repos\QtWidgetsApplication2\QtWidgetsApplication2\QtWidgetsApplication2.cpp(1,1): warning C4828: 文件包含在偏移 0x2d13 处开始的字符，该字符在当前源字符集中无效(代码页 65001)。
C:\Users\Administrator\source\repos\QtWidgetsApplication2\QtWidgetsApplication2\QtWidgetsApplication2.cpp(1,1): warning C4828: 文件包含在偏移 0x2d15 处开始的字符，该字符在当前源字符集中无效(代码页 65001)。
C:\Users\Administrator\source\repos\QtWidgetsApplication2\QtWidgetsApplication2\QtWidgetsApplication2.cpp(1,1): warning C4828: 文件包含在偏移 0x2d16 处开始的字符，该字符在当前源字符集中无效(代码页 65001)。
C:\Users\Administrator\source\repos\QtWidgetsApplication2\QtWidgetsApplication2\QtWidgetsApplication2.cpp(1,1): warning C4828: 文件包含在偏移 0x2d17 处开始的字符，该字符在当前源字符集中无效(代码页 65001)。
C:\Users\Administrator\source\repos\QtWidgetsApplication2\QtWidgetsApplication2\QtWidgetsApplication2.cpp(1,1): warning C4828: 文件包含在偏移 0x2d19 处开始的字符，该字符在当前源字符集中无效(代码页 65001)。
C:\Users\Administrator\source\repos\QtWidgetsApplication2\QtWidgetsApplication2\QtWidgetsApplication2.cpp(1,1): warning C4828: 文件包含在偏移 0x2d1c 处开始的字符，该字符在当前源字符集中无效(代码页 65001)。
C:\Users\Administrator\source\repos\QtWidgetsApplication2\QtWidgetsApplication2\QtWidgetsApplication2.cpp(1,1): warning C4828: 文件包含在偏移 0x2d1d 处开始的字符，该字符在当前源字符集中无效(代码页 65001)。
C:\Users\Administrator\source\repos\QtWidgetsApplication2\QtWidgetsApplication2\QtWidgetsApplication2.cpp(1,1): warning C4828: 文件包含在偏移 0x2d1f 处开始的字符，该字符在当前源字符集中无效(代码页 65001)。
C:\Users\Administrator\source\repos\QtWidgetsApplication2\QtWidgetsApplication2\QtWidgetsApplication2.cpp(1,1): warning C4828: 文件包含在偏移 0x2d20 处开始的字符，该字符在当前源字符集中无效(代码页 65001)。
C:\Users\Administrator\source\repos\QtWidgetsApplication2\QtWidgetsApplication2\QtWidgetsApplication2.cpp(1,1): warning C4828: 文件包含在偏移 0x2d22 处开始的字符，该字符在当前源字符集中无效(代码页 65001)。
C:\Users\Administrator\source\repos\QtWidgetsApplication2\QtWidgetsApplication2\QtWidgetsApplication2.cpp(1,1): warning C4828: 文件包含在偏移 0x2d23 处开始的字符，该字符在当前源字符集中无效(代码页 65001)。
C:\Users\Administrator\source\repos\QtWidgetsApplication2\QtWidgetsApplication2\QtWidgetsApplication2.cpp(1,1): warning C4828: 文件包含在偏移 0x2d26 处开始的字符，该字符在当前源字符集中无效(代码页 65001)。
C:\Users\Administrator\source\repos\QtWidgetsApplication2\QtWidgetsApplication2\QtWidgetsApplication2.cpp(1,1): warning C4828: 文件包含在偏移 0x2d27 处开始的字符，该字符在当前源字符集中无效(代码页 65001)。
C:\Users\Administrator\source\repos\QtWidgetsApplication2\QtWidgetsApplication2\QtWidgetsApplication2.cpp(1,1): warning C4828: 文件包含在偏移 0x2d2b 处开始的字符，该字符在当前源字符集中无效(代码页 65001)。
C:\Users\Administrator\source\repos\QtWidgetsApplication2\QtWidgetsApplication2\QtWidgetsApplication2.cpp(1,1): warning C4828: 文件包含在偏移 0x2d2d 处开始的字符，该字符在当前源字符集中无效(代码页 65001)。
C:\Users\Administrator\source\repos\QtWidgetsApplication2\QtWidgetsApplication2\QtWidgetsApplication2.cpp(1,1): warning C4828: 文件包含在偏移 0x2d2f 处开始的字符，该字符在当前源字符集中无效(代码页 65001)。
C:\Users\Administrator\source\repos\QtWidgetsApplication2\QtWidgetsApplication2\QtWidgetsApplication2.cpp(1,1): warning C4828: 文件包含在偏移 0x2d30 处开始的字符，该字符在当前源字符集中无效(代码页 65001)。
C:\Users\Administrator\source\repos\QtWidgetsApplication2\QtWidgetsApplication2\QtWidgetsApplication2.cpp(1,1): warning C4828: 文件包含在偏移 0x2d31 处开始的字符，该字符在当前源字符集中无效(代码页 65001)。
C:\Users\Administrator\source\repos\QtWidgetsApplication2\QtWidgetsApplication2\QtWidgetsApplication2.cpp(1,1): warning C4828: 文件包含在偏移 0x2d33 处开始的字符，该字符在当前源字符集中无效(代码页 65001)。
C:\Users\Administrator\source\repos\QtWidgetsApplication2\QtWidgetsApplication2\QtWidgetsApplication2.cpp(1,1): warning C4828: 文件包含在偏移 0x2d35 处开始的字符，该字符在当前源字符集中无效(代码页 65001)。
C:\Users\Administrator\source\repos\QtWidgetsApplication2\QtWidgetsApplication2\QtWidgetsApplication2.cpp(1,1): warning C4828: 文件包含在偏移 0x2d37 处开始的字符，该字符在当前源字符集中无效(代码页 65001)。
C:\Users\Administrator\source\repos\QtWidgetsApplication2\QtWidgetsApplication2\QtWidgetsApplication2.cpp(1,1): warning C4828: 文件包含在偏移 0x2d39 处开始的字符，该字符在当前源字符集中无效(代码页 65001)。
C:\Users\Administrator\source\repos\QtWidgetsApplication2\QtWidgetsApplication2\QtWidgetsApplication2.cpp(1,1): warning C4828: 文件包含在偏移 0x2d3b 处开始的字符，该字符在当前源字符集中无效(代码页 65001)。
C:\Users\Administrator\source\repos\QtWidgetsApplication2\QtWidgetsApplication2\QtWidgetsApplication2.cpp(1,1): warning C4828: 文件包含在偏移 0x2d3e 处开始的字符，该字符在当前源字符集中无效(代码页 65001)。
C:\Users\Administrator\source\repos\QtWidgetsApplication2\QtWidgetsApplication2\QtWidgetsApplication2.cpp(1,1): warning C4828: 文件包含在偏移 0x2d42 处开始的字符，该字符在当前源字符集中无效(代码页 65001)。
C:\Users\Administrator\source\repos\QtWidgetsApplication2\QtWidgetsApplication2\QtWidgetsApplication2.cpp(1,1): warning C4828: 文件包含在偏移 0x2d44 处开始的字符，该字符在当前源字符集中无效(代码页 65001)。
C:\Users\Administrator\source\repos\QtWidgetsApplication2\QtWidgetsApplication2\QtWidgetsApplication2.cpp(1,1): warning C4828: 文件包含在偏移 0x2d48 处开始的字符，该字符在当前源字符集中无效(代码页 65001)。
C:\Users\Administrator\source\repos\QtWidgetsApplication2\QtWidgetsApplication2\utils.cpp(17,18): error C4996: 'std::codecvt_utf8<wchar_t,1114111,(std::codecvt_mode)0>': warning STL4017: std::wbuffer_convert, std::wstring_convert, and the <codecvt> header (containing std::codecvt_mode, std::codecvt_utf8, std::codecvt_utf16, and std::codecvt_utf8_utf16) are deprecated in C++17. (The std::codecvt class template is NOT deprecated.) The C++ Standard doesn't provide equivalent non-deprecated functionality; consider using MultiByteToWideChar() and WideCharToMultiByte() from <Windows.h> instead. You can define _SILENCE_CXX17_CODECVT_HEADER_DEPRECATION_WARNING or _SILENCE_ALL_CXX17_DEPRECATION_WARNINGS to acknowledge that you have received this warning.
C:\Program Files (x86)\Microsoft Visual Studio\2019\Community\VC\Tools\MSVC\14.29.30133\include\codecvt(33,1): message : 参见“std::codecvt_utf8”的声明 (编译源文件 utils.cpp)
C:\Users\Administrator\source\repos\QtWidgetsApplication2\QtWidgetsApplication2\utils.cpp(17,5): error C4996: 'std::codecvt_utf8<wchar_t,1114111,(std::codecvt_mode)0>': warning STL4017: std::wbuffer_convert, std::wstring_convert, and the <codecvt> header (containing std::codecvt_mode, std::codecvt_utf8, std::codecvt_utf16, and std::codecvt_utf8_utf16) are deprecated in C++17. (The std::codecvt class template is NOT deprecated.) The C++ Standard doesn't provide equivalent non-deprecated functionality; consider using MultiByteToWideChar() and WideCharToMultiByte() from <Windows.h> instead. You can define _SILENCE_CXX17_CODECVT_HEADER_DEPRECATION_WARNING or _SILENCE_ALL_CXX17_DEPRECATION_WARNINGS to acknowledge that you have received this warning.
C:\Program Files (x86)\Microsoft Visual Studio\2019\Community\VC\Tools\MSVC\14.29.30133\include\codecvt(33,1): message : 参见“std::codecvt_utf8”的声明 (编译源文件 utils.cpp)
C:\Users\Administrator\source\repos\QtWidgetsApplication2\QtWidgetsApplication2\utils.cpp(18,10): error C4996: 'std::wstring_convert<convert_type,wchar_t,std::allocator<wchar_t>,std::allocator<char>>': warning STL4017: std::wbuffer_convert, std::wstring_convert, and the <codecvt> header (containing std::codecvt_mode, std::codecvt_utf8, std::codecvt_utf16, and std::codecvt_utf8_utf16) are deprecated in C++17. (The std::codecvt class template is NOT deprecated.) The C++ Standard doesn't provide equivalent non-deprecated functionality; consider using MultiByteToWideChar() and WideCharToMultiByte() from <Windows.h> instead. You can define _SILENCE_CXX17_CODECVT_HEADER_DEPRECATION_WARNING or _SILENCE_ALL_CXX17_DEPRECATION_WARNINGS to acknowledge that you have received this warning.
C:\Program Files (x86)\Microsoft Visual Studio\2019\Community\VC\Tools\MSVC\14.29.30133\include\xlocbuf(300,1): message : 参见“std::wstring_convert”的声明 (编译源文件 utils.cpp)
C:\Users\Administrator\source\repos\QtWidgetsApplication2\QtWidgetsApplication2\utils.cpp(18): error C4996: 'std::wstring_convert<convert_type,wchar_t,std::allocator<wchar_t>,std::allocator<char>>::__autoclassinit2': warning STL4017: std::wbuffer_convert, std::wstring_convert, and the <codecvt> header (containing std::codecvt_mode, std::codecvt_utf8, std::codecvt_utf16, and std::codecvt_utf8_utf16) are deprecated in C++17. (The std::codecvt class template is NOT deprecated.) The C++ Standard doesn't provide equivalent non-deprecated functionality; consider using MultiByteToWideChar() and WideCharToMultiByte() from <Windows.h> instead. You can define _SILENCE_CXX17_CODECVT_HEADER_DEPRECATION_WARNING or _SILENCE_ALL_CXX17_DEPRECATION_WARNINGS to acknowledge that you have received this warning.
C:\Users\Administrator\source\repos\QtWidgetsApplication2\QtWidgetsApplication2\utils.cpp(18,49): error C4996: 'std::wstring_convert<convert_type,wchar_t,std::allocator<wchar_t>,std::allocator<char>>::wstring_convert': warning STL4017: std::wbuffer_convert, std::wstring_convert, and the <codecvt> header (containing std::codecvt_mode, std::codecvt_utf8, std::codecvt_utf16, and std::codecvt_utf8_utf16) are deprecated in C++17. (The std::codecvt class template is NOT deprecated.) The C++ Standard doesn't provide equivalent non-deprecated functionality; consider using MultiByteToWideChar() and WideCharToMultiByte() from <Windows.h> instead. You can define _SILENCE_CXX17_CODECVT_HEADER_DEPRECATION_WARNING or _SILENCE_ALL_CXX17_DEPRECATION_WARNINGS to acknowledge that you have received this warning.
C:\Users\Administrator\source\repos\QtWidgetsApplication2\QtWidgetsApplication2\utils.cpp(20,21): error C4996: 'std::wstring_convert<convert_type,wchar_t,std::allocator<wchar_t>,std::allocator<char>>::from_bytes': warning STL4017: std::wbuffer_convert, std::wstring_convert, and the <codecvt> header (containing std::codecvt_mode, std::codecvt_utf8, std::codecvt_utf16, and std::codecvt_utf8_utf16) are deprecated in C++17. (The std::codecvt class template is NOT deprecated.) The C++ Standard doesn't provide equivalent non-deprecated functionality; consider using MultiByteToWideChar() and WideCharToMultiByte() from <Windows.h> instead. You can define _SILENCE_CXX17_CODECVT_HEADER_DEPRECATION_WARNING or _SILENCE_ALL_CXX17_DEPRECATION_WARNINGS to acknowledge that you have received this warning.
C:\Users\Administrator\source\repos\QtWidgetsApplication2\QtWidgetsApplication2\utils.cpp(44,15): warning C4244: “参数”: 从“time_t”转换到“unsigned int”，可能丢失数据
C:\Users\Administrator\source\repos\QtWidgetsApplication2\QtWidgetsApplication2\yolov8Predictor.cpp(80,50): warning C4244: “=”: 从“_Ty”转换到“int”，可能丢失数据
          with
          [
              _Ty=int64_t
          ]
C:\Users\Administrator\source\repos\QtWidgetsApplication2\QtWidgetsApplication2\yolov8Predictor.cpp(82,54): warning C4244: “=”: 从“_Ty”转换到“int”，可能丢失数据
          with
          [
              _Ty=int64_t
          ]
C:\Users\Administrator\source\repos\QtWidgetsApplication2\QtWidgetsApplication2\net.h(18,10): fatal error C1083: 无法打开包括文件: “blob.h”: No such file or directory (编译源文件 QtWidgetsApplication2.cpp)
